TN:
SF:hooks/useColorScheme.ts
FNF:0
FNH:0
LF:0
LH:0
BRF:0
BRH:0
end_of_record
TN:
SF:hooks/useColorScheme.web.ts
FN:7,useColorScheme
FN:10,(anonymous_1)
FNF:2
FNH:0
FNDA:0,useColorScheme
FNDA:0,(anonymous_1)
DA:8,0
DA:10,0
DA:11,0
DA:14,0
DA:16,0
DA:17,0
DA:20,0
LF:7
LH:0
BRDA:16,0,0,0
BRDA:16,0,1,0
BRF:2
BRH:0
end_of_record
TN:
SF:hooks/useSodaLakeWind.ts
FN:39,(anonymous_0)
FN:57,(anonymous_1)
FN:58,(anonymous_2)
FN:74,(anonymous_3)
FN:89,(anonymous_4)
FN:118,(anonymous_5)
FN:203,(anonymous_6)
FN:219,(anonymous_7)
FN:230,(anonymous_8)
FN:231,(anonymous_9)
FNF:10
FNH:0
FNDA:0,(anonymous_0)
FNDA:0,(anonymous_1)
FNDA:0,(anonymous_2)
FNDA:0,(anonymous_3)
FNDA:0,(anonymous_4)
FNDA:0,(anonymous_5)
FNDA:0,(anonymous_6)
FNDA:0,(anonymous_7)
FNDA:0,(anonymous_8)
FNDA:0,(anonymous_9)
DA:39,0
DA:42,0
DA:43,0
DA:44,0
DA:45,0
DA:46,0
DA:47,0
DA:48,0
DA:49,0
DA:50,0
DA:51,0
DA:54,0
DA:57,0
DA:58,0
DA:59,0
DA:60,0
DA:61,0
DA:63,0
DA:68,0
DA:74,0
DA:75,0
DA:76,0
DA:78,0
DA:79,0
DA:81,0
DA:82,0
DA:89,0
DA:90,0
DA:92,0
DA:93,0
DA:95,0
DA:96,0
DA:98,0
DA:99,0
DA:100,0
DA:101,0
DA:103,0
DA:107,0
DA:110,0
DA:118,0
DA:119,0
DA:120,0
DA:122,0
DA:123,0
DA:126,0
DA:127,0
DA:128,0
DA:130,0
DA:131,0
DA:132,0
DA:136,0
DA:138,0
DA:139,0
DA:142,0
DA:143,0
DA:146,0
DA:147,0
DA:148,0
DA:149,0
DA:150,0
DA:161,0
DA:162,0
DA:166,0
DA:167,0
DA:168,0
DA:180,0
DA:181,0
DA:184,0
DA:187,0
DA:190,0
DA:191,0
DA:194,0
DA:196,0
DA:203,0
DA:204,0
DA:205,0
DA:206,0
DA:207,0
DA:208,0
DA:209,0
DA:211,0
DA:212,0
DA:219,0
DA:220,0
DA:221,0
DA:223,0
DA:230,0
DA:231,0
DA:232,0
DA:234,0
DA:236,0
DA:238,0
DA:239,0
DA:243,0
DA:246,0
LF:95
LH:0
BRDA:98,0,0,0
BRDA:98,0,1,0
BRDA:131,1,0,0
BRDA:131,1,1,0
BRDA:146,2,0,0
BRDA:146,2,1,0
BRDA:166,3,0,0
BRDA:166,3,1,0
BRDA:191,4,0,0
BRDA:191,4,1,0
BRF:10
BRH:0
end_of_record
TN:
SF:hooks/useStandleyLakeWind.ts
FN:39,(anonymous_0)
FN:57,(anonymous_1)
FN:58,(anonymous_2)
FN:74,(anonymous_3)
FN:89,(anonymous_4)
FN:111,(anonymous_5)
FN:196,(anonymous_6)
FN:212,(anonymous_7)
FN:223,(anonymous_8)
FN:224,(anonymous_9)
FNF:10
FNH:0
FNDA:0,(anonymous_0)
FNDA:0,(anonymous_1)
FNDA:0,(anonymous_2)
FNDA:0,(anonymous_3)
FNDA:0,(anonymous_4)
FNDA:0,(anonymous_5)
FNDA:0,(anonymous_6)
FNDA:0,(anonymous_7)
FNDA:0,(anonymous_8)
FNDA:0,(anonymous_9)
DA:39,0
DA:40,0
DA:42,0
DA:43,0
DA:44,0
DA:45,0
DA:46,0
DA:47,0
DA:48,0
DA:49,0
DA:50,0
DA:51,0
DA:54,0
DA:57,0
DA:58,0
DA:59,0
DA:60,0
DA:61,0
DA:63,0
DA:68,0
DA:74,0
DA:75,0
DA:76,0
DA:78,0
DA:79,0
DA:81,0
DA:82,0
DA:89,0
DA:90,0
DA:91,0
DA:92,0
DA:94,0
DA:95,0
DA:96,0
DA:97,0
DA:99,0
DA:101,0
DA:104,0
DA:111,0
DA:112,0
DA:113,0
DA:115,0
DA:116,0
DA:119,0
DA:120,0
DA:121,0
DA:123,0
DA:124,0
DA:125,0
DA:129,0
DA:131,0
DA:132,0
DA:135,0
DA:136,0
DA:139,0
DA:140,0
DA:141,0
DA:142,0
DA:143,0
DA:154,0
DA:155,0
DA:159,0
DA:160,0
DA:161,0
DA:173,0
DA:174,0
DA:177,0
DA:180,0
DA:183,0
DA:184,0
DA:187,0
DA:189,0
DA:196,0
DA:197,0
DA:198,0
DA:199,0
DA:200,0
DA:201,0
DA:202,0
DA:204,0
DA:205,0
DA:212,0
DA:213,0
DA:214,0
DA:216,0
DA:223,0
DA:224,0
DA:225,0
DA:227,0
DA:229,0
DA:231,0
DA:232,0
DA:236,0
DA:239,0
LF:94
LH:0
BRDA:124,0,0,0
BRDA:124,0,1,0
BRDA:139,1,0,0
BRDA:139,1,1,0
BRDA:159,2,0,0
BRDA:159,2,1,0
BRDA:184,3,0,0
BRDA:184,3,1,0
BRF:8
BRH:0
end_of_record
TN:
SF:hooks/useThemeColor.ts
FN:9,useThemeColor
FNF:1
FNH:0
FNDA:0,useThemeColor
DA:13,0
DA:14,0
DA:16,0
DA:17,0
DA:19,0
LF:5
LH:0
BRDA:13,0,0,0
BRDA:13,0,1,0
BRDA:16,1,0,0
BRDA:16,1,1,0
BRF:4
BRH:0
end_of_record
TN:
SF:hooks/useWeatherData.ts
FNF:0
FNH:0
LF:0
LH:0
BRF:0
BRH:0
end_of_record
TN:
SF:hooks/useWindData.ts
FN:38,(anonymous_0)
FN:60,(anonymous_1)
FN:65,(anonymous_2)
FN:76,(anonymous_3)
FN:95,(anonymous_4)
FN:125,(anonymous_5)
FN:184,(anonymous_6)
FN:208,(anonymous_7)
FN:209,(anonymous_8)
FN:215,(anonymous_9)
FNF:10
FNH:0
FNDA:0,(anonymous_0)
FNDA:0,(anonymous_1)
FNDA:0,(anonymous_2)
FNDA:0,(anonymous_3)
FNDA:0,(anonymous_4)
FNDA:0,(anonymous_5)
FNDA:0,(anonymous_6)
FNDA:0,(anonymous_7)
FNDA:0,(anonymous_8)
FNDA:0,(anonymous_9)
DA:38,0
DA:39,0
DA:41,0
DA:42,0
DA:43,0
DA:44,0
DA:45,0
DA:46,0
DA:47,0
DA:60,0
DA:61,0
DA:62,0
DA:65,0
DA:66,0
DA:67,0
DA:68,0
DA:69,0
DA:70,0
DA:72,0
DA:76,0
DA:77,0
DA:78,0
DA:79,0
DA:80,0
DA:83,0
DA:84,0
DA:85,0
DA:86,0
DA:87,0
DA:90,0
DA:91,0
DA:95,0
DA:96,0
DA:97,0
DA:98,0
DA:100,0
DA:101,0
DA:102,0
DA:105,0
DA:106,0
DA:108,0
DA:109,0
DA:110,0
DA:111,0
DA:113,0
DA:114,0
DA:117,0
DA:118,0
DA:119,0
DA:121,0
DA:125,0
DA:126,0
DA:127,0
DA:128,0
DA:130,0
DA:132,0
DA:134,0
DA:135,0
DA:138,0
DA:141,0
DA:142,0
DA:144,0
DA:145,0
DA:146,0
DA:148,0
DA:155,0
DA:158,0
DA:161,0
DA:167,0
DA:168,0
DA:169,0
DA:170,0
DA:171,0
DA:173,0
DA:178,0
DA:180,0
DA:184,0
DA:185,0
DA:186,0
DA:187,0
DA:189,0
DA:190,0
DA:193,0
DA:194,0
DA:196,0
DA:197,0
DA:198,0
DA:200,0
DA:201,0
DA:203,0
DA:208,0
DA:209,0
DA:210,0
DA:211,0
DA:213,0
DA:215,0
DA:216,0
DA:217,0
DA:218,0
DA:219,0
DA:220,0
DA:225,0
DA:228,0
DA:229,0
DA:233,0
DA:234,0
DA:235,0
DA:236,0
DA:238,0
DA:239,0
DA:240,0
DA:241,0
DA:243,0
DA:246,0
DA:247,0
DA:248,0
DA:249,0
DA:253,0
DA:256,0
LF:119
LH:0
BRDA:83,0,0,0
BRDA:83,0,1,0
BRDA:101,1,0,0
BRDA:101,1,1,0
BRDA:101,2,0,0
BRDA:101,2,1,0
BRDA:134,3,0,0
BRDA:134,3,1,0
BRDA:134,4,0,0
BRDA:134,4,1,0
BRDA:161,5,0,0
BRDA:161,5,1,0
BRDA:167,6,0,0
BRDA:167,6,1,0
BRDA:168,7,0,0
BRDA:168,7,1,0
BRDA:168,8,0,0
BRDA:168,8,1,0
BRDA:201,9,0,0
BRDA:201,9,1,0
BRDA:216,10,0,0
BRDA:216,10,1,0
BRDA:222,11,0,0
BRDA:222,11,1,0
BRDA:228,12,0,0
BRDA:228,12,1,0
BRDA:239,13,0,0
BRDA:239,13,1,0
BRDA:240,14,0,0
BRDA:240,14,1,0
BRDA:247,15,0,0
BRDA:247,15,1,0
BRF:32
BRH:0
end_of_record
TN:
SF:hooks/useWindThreshold.ts
FN:10,(anonymous_0)
FN:14,(anonymous_1)
FN:16,(anonymous_2)
FN:25,(anonymous_3)
FN:32,(anonymous_4)
FNF:5
FNH:0
FNDA:0,(anonymous_0)
FNDA:0,(anonymous_1)
FNDA:0,(anonymous_2)
FNDA:0,(anonymous_3)
FNDA:0,(anonymous_4)
DA:10,0
DA:11,0
DA:12,0
DA:14,0
DA:16,0
DA:17,0
DA:18,0
DA:19,0
DA:22,0
DA:25,0
DA:26,0
DA:29,0
DA:32,0
DA:33,0
DA:36,0
LF:15
LH:0
BRF:0
BRH:0
end_of_record
TN:
SF:services/androidSplash.ts
FN:15,(anonymous_0)
FN:29,(anonymous_1)
FN:43,(anonymous_2)
FN:45,(anonymous_3)
FN:46,(anonymous_4)
FN:56,(anonymous_5)
FN:57,(anonymous_6)
FN:59,(anonymous_7)
FN:63,(anonymous_8)
FNF:9
FNH:0
FNDA:0,(anonymous_0)
FNDA:0,(anonymous_1)
FNDA:0,(anonymous_2)
FNDA:0,(anonymous_3)
FNDA:0,(anonymous_4)
FNDA:0,(anonymous_5)
FNDA:0,(anonymous_6)
FNDA:0,(anonymous_7)
FNDA:0,(anonymous_8)
DA:15,0
DA:16,0
DA:17,0
DA:18,0
DA:20,0
DA:29,0
DA:30,0
DA:31,0
DA:32,0
DA:34,0
DA:43,0
DA:44,0
DA:45,0
DA:46,0
DA:47,0
DA:56,0
DA:57,0
DA:58,0
DA:59,0
DA:60,0
DA:63,0
DA:65,0
DA:68,0
LF:23
LH:0
BRDA:16,0,0,0
BRDA:16,0,1,0
BRDA:30,1,0,0
BRDA:30,1,1,0
BRDA:43,2,0,0
BRDA:44,3,0,0
BRDA:44,3,1,0
BRDA:56,4,0,0
BRDA:56,5,0,0
BRDA:58,6,0,0
BRDA:58,6,1,0
BRDA:61,7,0,0
BRDA:61,7,1,0
BRF:13
BRH:0
end_of_record
TN:
SF:services/appLogger.ts
FN:10,(anonymous_0)
FN:14,(anonymous_1)
FN:18,(anonymous_2)
FN:22,(anonymous_3)
FN:26,(anonymous_4)
FNF:5
FNH:0
FNDA:0,(anonymous_0)
FNDA:0,(anonymous_1)
FNDA:0,(anonymous_2)
FNDA:0,(anonymous_3)
FNDA:0,(anonymous_4)
DA:8,0
DA:11,0
DA:15,0
DA:19,0
DA:23,0
DA:27,0
DA:28,0
LF:7
LH:0
BRDA:27,0,0,0
BRDA:27,0,1,0
BRF:2
BRH:0
end_of_record
TN:
SF:services/crashMonitor.ts
FN:19,(anonymous_0)
FN:26,(anonymous_1)
FN:53,(anonymous_2)
FN:66,(anonymous_3)
FN:75,(anonymous_4)
FN:77,(anonymous_5)
FN:80,(anonymous_6)
FN:84,(anonymous_7)
FN:89,(anonymous_8)
FN:100,(anonymous_9)
FN:106,(anonymous_10)
FN:117,(anonymous_11)
FNF:12
FNH:0
FNDA:0,(anonymous_0)
FNDA:0,(anonymous_1)
FNDA:0,(anonymous_2)
FNDA:0,(anonymous_3)
FNDA:0,(anonymous_4)
FNDA:0,(anonymous_5)
FNDA:0,(anonymous_6)
FNDA:0,(anonymous_7)
FNDA:0,(anonymous_8)
FNDA:0,(anonymous_9)
FNDA:0,(anonymous_10)
FNDA:0,(anonymous_11)
DA:16,0
DA:17,0
DA:20,0
DA:21,0
DA:23,0
DA:27,0
DA:29,0
DA:40,0
DA:41,0
DA:42,0
DA:46,0
DA:47,0
DA:49,0
DA:54,0
DA:55,0
DA:56,0
DA:57,0
DA:58,0
DA:61,0
DA:63,0
DA:67,0
DA:68,0
DA:69,0
DA:71,0
DA:76,0
DA:77,0
DA:81,0
DA:82,0
DA:84,0
DA:85,0
DA:88,0
DA:89,0
DA:92,0
DA:101,0
DA:102,0
DA:107,0
DA:108,0
DA:110,0
DA:111,0
DA:112,0
DA:113,0
DA:115,0
DA:116,0
DA:117,0
DA:118,0
DA:119,0
DA:123,0
DA:127,0
LF:48
LH:0
BRDA:20,0,0,0
BRDA:20,0,1,0
BRDA:26,1,0,0
BRDA:41,2,0,0
BRDA:41,2,1,0
BRDA:56,3,0,0
BRDA:56,3,1,0
BRDA:75,4,0,0
BRDA:85,5,0,0
BRDA:85,5,1,0
BRDA:88,6,0,0
BRDA:88,6,1,0
BRDA:89,7,0,0
BRDA:89,7,1,0
BRDA:113,8,0,0
BRDA:113,8,1,0
BRDA:115,9,0,0
BRDA:115,9,1,0
BRF:18
BRH:0
end_of_record
TN:
SF:services/crashReportExportService.ts
FN:55,(anonymous_0)
FN:140,(anonymous_1)
FN:196,(anonymous_2)
FN:227,(anonymous_3)
FN:241,(anonymous_4)
FN:262,(anonymous_5)
FN:273,(anonymous_6)
FN:281,(anonymous_7)
FN:289,(anonymous_8)
FN:300,(anonymous_9)
FN:304,(anonymous_10)
FN:310,(anonymous_11)
FN:317,(anonymous_12)
FN:328,(anonymous_13)
FN:340,(anonymous_14)
FN:352,(anonymous_15)
FN:364,(anonymous_16)
FN:376,(anonymous_17)
FN:398,(anonymous_18)
FN:414,(anonymous_19)
FN:431,(anonymous_20)
FN:443,(anonymous_21)
FN:460,(anonymous_22)
FN:480,(anonymous_23)
FNF:24
FNH:0
FNDA:0,(anonymous_0)
FNDA:0,(anonymous_1)
FNDA:0,(anonymous_2)
FNDA:0,(anonymous_3)
FNDA:0,(anonymous_4)
FNDA:0,(anonymous_5)
FNDA:0,(anonymous_6)
FNDA:0,(anonymous_7)
FNDA:0,(anonymous_8)
FNDA:0,(anonymous_9)
FNDA:0,(anonymous_10)
FNDA:0,(anonymous_11)
FNDA:0,(anonymous_12)
FNDA:0,(anonymous_13)
FNDA:0,(anonymous_14)
FNDA:0,(anonymous_15)
FNDA:0,(anonymous_16)
FNDA:0,(anonymous_17)
FNDA:0,(anonymous_18)
FNDA:0,(anonymous_19)
FNDA:0,(anonymous_20)
FNDA:0,(anonymous_21)
FNDA:0,(anonymous_22)
FNDA:0,(anonymous_23)
DA:44,0
DA:56,0
DA:57,0
DA:58,0
DA:61,0
DA:62,0
DA:63,0
DA:64,0
DA:65,0
DA:67,0
DA:68,0
DA:70,0
DA:71,0
DA:74,0
DA:75,0
DA:77,0
DA:78,0
DA:81,0
DA:82,0
DA:84,0
DA:85,0
DA:88,0
DA:89,0
DA:91,0
DA:92,0
DA:95,0
DA:96,0
DA:98,0
DA:99,0
DA:103,0
DA:105,0
DA:128,0
DA:130,0
DA:132,0
DA:133,0
DA:150,0
DA:155,0
DA:157,0
DA:158,0
DA:159,0
DA:160,0
DA:162,0
DA:163,0
DA:164,0
DA:165,0
DA:167,0
DA:168,0
DA:169,0
DA:170,0
DA:172,0
DA:176,0
DA:179,0
DA:180,0
DA:181,0
DA:182,0
DA:185,0
DA:188,0
DA:189,0
DA:197,0
DA:199,0
DA:200,0
DA:203,0
DA:208,0
DA:210,0
DA:211,0
DA:213,0
DA:216,0
DA:217,0
DA:228,0
DA:230,0
DA:231,0
DA:232,0
DA:233,0
DA:235,0
DA:242,0
DA:243,0
DA:244,0
DA:245,0
DA:247,0
DA:248,0
DA:249,0
DA:250,0
DA:252,0
DA:253,0
DA:254,0
DA:256,0
DA:257,0
DA:258,0
DA:260,0
DA:261,0
DA:262,0
DA:263,0
DA:264,0
DA:265,0
DA:268,0
DA:271,0
DA:272,0
DA:273,0
DA:274,0
DA:276,0
DA:279,0
DA:280,0
DA:281,0
DA:282,0
DA:284,0
DA:287,0
DA:288,0
DA:289,0
DA:290,0
DA:294,0
DA:301,0
DA:304,0
DA:305,0
DA:309,0
DA:310,0
DA:311,0
DA:316,0
DA:317,0
DA:318,0
DA:322,0
DA:329,0
DA:330,0
DA:331,0
DA:333,0
DA:341,0
DA:342,0
DA:343,0
DA:345,0
DA:353,0
DA:354,0
DA:355,0
DA:357,0
DA:365,0
DA:366,0
DA:367,0
DA:369,0
DA:377,0
DA:378,0
DA:379,0
DA:385,0
DA:387,0
DA:400,0
DA:401,0
DA:407,0
DA:415,0
DA:416,0
DA:417,0
DA:419,0
DA:424,0
DA:432,0
DA:433,0
DA:434,0
DA:436,0
DA:444,0
DA:445,0
DA:452,0
DA:453,0
DA:461,0
DA:462,0
DA:463,0
DA:464,0
DA:466,0
DA:468,0
DA:473,0
DA:481,0
DA:482,0
DA:484,0
DA:485,0
DA:493,0
DA:494,0
DA:495,0
DA:496,0
DA:499,0
DA:502,0
DA:507,0
LF:175
LH:0
BRDA:110,0,0,0
BRDA:110,0,1,0
BRDA:142,1,0,0
BRDA:155,2,0,0
BRDA:155,2,1,0
BRDA:155,2,2,0
BRDA:155,2,3,0
BRDA:199,3,0,0
BRDA:199,3,1,0
BRDA:199,4,0,0
BRDA:199,4,1,0
BRDA:204,5,0,0
BRDA:204,5,1,0
BRDA:210,6,0,0
BRDA:210,6,1,0
BRDA:230,7,0,0
BRDA:230,7,1,0
BRDA:231,8,0,0
BRDA:231,8,1,0
BRDA:232,9,0,0
BRDA:232,9,1,0
BRDA:233,10,0,0
BRDA:233,10,1,0
BRDA:260,11,0,0
BRDA:260,11,1,0
BRDA:264,12,0,0
BRDA:264,12,1,0
BRDA:271,13,0,0
BRDA:271,13,1,0
BRDA:271,14,0,0
BRDA:271,14,1,0
BRDA:279,15,0,0
BRDA:279,15,1,0
BRDA:279,16,0,0
BRDA:279,16,1,0
BRDA:287,17,0,0
BRDA:287,17,1,0
BRDA:287,18,0,0
BRDA:287,18,1,0
BRDA:309,19,0,0
BRDA:309,19,1,0
BRDA:316,20,0,0
BRDA:316,20,1,0
BRDA:331,21,0,0
BRDA:331,21,1,0
BRDA:343,22,0,0
BRDA:343,22,1,0
BRDA:355,23,0,0
BRDA:355,23,1,0
BRDA:367,24,0,0
BRDA:367,24,1,0
BRDA:403,25,0,0
BRDA:403,25,1,0
BRDA:404,26,0,0
BRDA:404,26,1,0
BRDA:434,27,0,0
BRDA:434,27,1,0
BRF:57
BRH:0
end_of_record
TN:
SF:services/diagnosticService.ts
FN:26,(anonymous_0)
FN:88,(anonymous_1)
FN:104,(anonymous_2)
FN:118,(anonymous_3)
FNF:4
FNH:0
FNDA:0,(anonymous_0)
FNDA:0,(anonymous_1)
FNDA:0,(anonymous_2)
FNDA:0,(anonymous_3)
DA:26,0
DA:27,0
DA:41,0
DA:42,0
DA:43,0
DA:44,0
DA:45,0
DA:46,0
DA:48,0
DA:52,0
DA:53,0
DA:54,0
DA:55,0
DA:56,0
DA:58,0
DA:62,0
DA:63,0
DA:67,0
DA:68,0
DA:69,0
DA:70,0
DA:71,0
DA:72,0
DA:74,0
DA:77,0
DA:78,0
DA:82,0
DA:88,0
DA:89,0
DA:90,0
DA:93,0
DA:100,0
DA:110,0
DA:111,0
DA:118,0
DA:119,0
DA:120,0
DA:121,0
DA:127,0
DA:128,0
LF:40
LH:0
BRDA:30,0,0,0
BRDA:30,0,1,0
BRDA:31,1,0,0
BRDA:31,1,1,0
BRDA:31,1,2,0
BRDA:32,2,0,0
BRDA:32,2,1,0
BRDA:44,3,0,0
BRDA:44,3,1,0
BRDA:53,4,0,0
BRDA:53,4,1,0
BRDA:56,5,0,0
BRDA:56,5,1,0
BRDA:67,6,0,0
BRDA:67,6,1,0
BRDA:69,7,0,0
BRDA:69,7,1,0
BRDA:70,8,0,0
BRDA:70,8,1,0
BRDA:72,9,0,0
BRDA:72,9,1,0
BRDA:98,10,0,0
BRDA:98,10,1,0
BRF:23
BRH:0
end_of_record
TN:
SF:services/ecowittService.ts
FN:182,msToMph
FN:189,getEcowittConfig
FN:202,debugDeviceListAPI
FN:243,(anonymous_3)
FN:275,fetchEcowittDeviceList
FN:306,(anonymous_5)
FN:329,(anonymous_6)
FN:366,getDeviceMacAddress
FN:392,(anonymous_8)
FN:433,selectDeviceByName
FN:439,(anonymous_10)
FN:446,(anonymous_11)
FN:463,getDeviceMacAddressForDevice
FN:491,(anonymous_13)
FN:540,getAutoEcowittConfig
FN:553,getAutoEcowittConfigForDevice
FN:566,setEcowittConfig
FN:578,fetchEcowittWindData
FN:592,(anonymous_18)
FN:631,(anonymous_19)
FN:632,(anonymous_20)
FN:633,(anonymous_21)
FN:634,(anonymous_22)
FN:635,(anonymous_23)
FN:636,(anonymous_24)
FN:703,(anonymous_25)
FN:731,(anonymous_26)
FN:732,(anonymous_27)
FN:762,fetchEcowittWindDataForDevice
FN:770,(anonymous_29)
FN:806,(anonymous_30)
FN:807,(anonymous_31)
FN:808,(anonymous_32)
FN:809,(anonymous_33)
FN:810,(anonymous_34)
FN:811,(anonymous_35)
FN:875,(anonymous_36)
FN:919,(anonymous_37)
FN:929,(anonymous_38)
FN:961,fetchEcowittRealTimeWindData
FN:1071,fetchEcowittRealTimeData
FN:1161,fetchEcowittCombinedWindData
FN:1211,(anonymous_42)
FN:1229,fetchEcowittCombinedWindDataForDevice
FN:1281,(anonymous_44)
FN:1299,convertToWindDataPoint
FN:1300,(anonymous_46)
FN:1313,clearDeviceCache
FN:1328,analyzeDataPointTransmissionQuality
FN:1370,analyzeOverallTransmissionQuality
FN:1486,(anonymous_50)
FN:1512,(anonymous_51)
FN:1513,(anonymous_52)
FN:1514,(anonymous_53)
FN:1529,isDaylightSavingTime
FNF:55
FNH:7
FNDA:0,msToMph
FNDA:0,getEcowittConfig
FNDA:0,debugDeviceListAPI
FNDA:0,(anonymous_3)
FNDA:0,fetchEcowittDeviceList
FNDA:0,(anonymous_5)
FNDA:0,(anonymous_6)
FNDA:0,getDeviceMacAddress
FNDA:0,(anonymous_8)
FNDA:0,selectDeviceByName
FNDA:0,(anonymous_10)
FNDA:0,(anonymous_11)
FNDA:0,getDeviceMacAddressForDevice
FNDA:0,(anonymous_13)
FNDA:0,getAutoEcowittConfig
FNDA:0,getAutoEcowittConfigForDevice
FNDA:0,setEcowittConfig
FNDA:0,fetchEcowittWindData
FNDA:0,(anonymous_18)
FNDA:0,(anonymous_19)
FNDA:0,(anonymous_20)
FNDA:0,(anonymous_21)
FNDA:0,(anonymous_22)
FNDA:0,(anonymous_23)
FNDA:0,(anonymous_24)
FNDA:0,(anonymous_25)
FNDA:0,(anonymous_26)
FNDA:0,(anonymous_27)
FNDA:0,fetchEcowittWindDataForDevice
FNDA:0,(anonymous_29)
FNDA:0,(anonymous_30)
FNDA:0,(anonymous_31)
FNDA:0,(anonymous_32)
FNDA:0,(anonymous_33)
FNDA:0,(anonymous_34)
FNDA:0,(anonymous_35)
FNDA:0,(anonymous_36)
FNDA:0,(anonymous_37)
FNDA:0,(anonymous_38)
FNDA:0,fetchEcowittRealTimeWindData
FNDA:0,fetchEcowittRealTimeData
FNDA:0,fetchEcowittCombinedWindData
FNDA:0,(anonymous_42)
FNDA:0,fetchEcowittCombinedWindDataForDevice
FNDA:0,(anonymous_44)
FNDA:5,convertToWindDataPoint
FNDA:5,(anonymous_46)
FNDA:0,clearDeviceCache
FNDA:0,analyzeDataPointTransmissionQuality
FNDA:4,analyzeOverallTransmissionQuality
FNDA:1,(anonymous_50)
FNDA:3,(anonymous_51)
FNDA:3,(anonymous_52)
FNDA:3,(anonymous_53)
FNDA:0,isDaylightSavingTime
DA:11,1
DA:176,1
DA:177,1
DA:183,0
DA:190,0
DA:191,0
DA:192,0
DA:194,0
DA:195,0
DA:203,0
DA:205,0
DA:206,0
DA:212,0
DA:214,0
DA:226,0
DA:227,0
DA:228,0
DA:230,0
DA:231,0
DA:233,0
DA:234,0
DA:235,0
DA:236,0
DA:237,0
DA:238,0
DA:239,0
DA:240,0
DA:242,0
DA:243,0
DA:244,0
DA:250,0
DA:251,0
DA:252,0
DA:253,0
DA:263,1
DA:269,1
DA:276,0
DA:278,0
DA:280,0
DA:281,0
DA:282,0
DA:283,0
DA:286,0
DA:292,0
DA:295,0
DA:296,0
DA:307,0
DA:308,0
DA:312,0
DA:313,0
DA:314,0
DA:317,0
DA:318,0
DA:321,0
DA:327,0
DA:330,0
DA:331,0
DA:333,0
DA:334,0
DA:335,0
DA:336,0
DA:337,0
DA:338,0
DA:339,0
DA:340,0
DA:341,0
DA:346,0
DA:347,0
DA:350,0
DA:355,0
DA:358,0
DA:359,0
DA:367,0
DA:369,0
DA:371,0
DA:372,0
DA:373,0
DA:376,0
DA:377,0
DA:378,0
DA:383,0
DA:384,0
DA:386,0
DA:387,0
DA:392,0
DA:393,0
DA:396,0
DA:397,0
DA:398,0
DA:399,0
DA:401,0
DA:403,0
DA:407,0
DA:408,0
DA:412,0
DA:419,0
DA:420,0
DA:422,0
DA:425,0
DA:426,0
DA:434,0
DA:435,0
DA:439,0
DA:440,0
DA:444,0
DA:445,0
DA:446,0
DA:447,0
DA:451,0
DA:452,0
DA:453,0
DA:456,0
DA:457,0
DA:464,0
DA:466,0
DA:467,0
DA:469,0
DA:470,0
DA:471,0
DA:474,0
DA:475,0
DA:476,0
DA:480,0
DA:481,0
DA:483,0
DA:484,0
DA:488,0
DA:490,0
DA:491,0
DA:492,0
DA:496,0
DA:497,0
DA:501,0
DA:508,0
DA:509,0
DA:511,0
DA:512,0
DA:515,0
DA:518,0
DA:519,0
DA:521,0
DA:522,0
DA:524,0
DA:525,0
DA:526,0
DA:527,0
DA:528,0
DA:533,0
DA:541,0
DA:543,0
DA:554,0
DA:556,0
DA:567,0
DA:568,0
DA:570,0
DA:571,0
DA:579,0
DA:582,0
DA:584,0
DA:586,0
DA:587,0
DA:588,0
DA:592,0
DA:598,0
DA:601,0
DA:602,0
DA:603,0
DA:604,0
DA:606,0
DA:607,0
DA:608,0
DA:609,0
DA:610,0
DA:611,0
DA:613,0
DA:617,0
DA:628,0
DA:629,0
DA:631,0
DA:632,0
DA:633,0
DA:634,0
DA:635,0
DA:636,0
DA:638,0
DA:641,0
DA:654,0
DA:659,0
DA:671,0
DA:672,0
DA:674,0
DA:675,0
DA:679,0
DA:680,0
DA:681,0
DA:682,0
DA:686,0
DA:687,0
DA:688,0
DA:691,0
DA:692,0
DA:693,0
DA:694,0
DA:698,0
DA:699,0
DA:702,0
DA:705,0
DA:706,0
DA:707,0
DA:711,0
DA:712,0
DA:713,0
DA:716,0
DA:717,0
DA:719,0
DA:731,0
DA:732,0
DA:737,0
DA:738,0
DA:741,0
DA:743,0
DA:744,0
DA:745,0
DA:746,0
DA:747,0
DA:748,0
DA:749,0
DA:750,0
DA:751,0
DA:755,0
DA:763,0
DA:765,0
DA:766,0
DA:770,0
DA:774,0
DA:776,0
DA:777,0
DA:778,0
DA:779,0
DA:781,0
DA:782,0
DA:783,0
DA:784,0
DA:785,0
DA:786,0
DA:788,0
DA:792,0
DA:803,0
DA:804,0
DA:806,0
DA:807,0
DA:808,0
DA:809,0
DA:810,0
DA:811,0
DA:813,0
DA:816,0
DA:817,0
DA:818,0
DA:820,0
DA:833,0
DA:835,0
DA:847,0
DA:848,0
DA:852,0
DA:853,0
DA:854,0
DA:855,0
DA:859,0
DA:860,0
DA:861,0
DA:865,0
DA:866,0
DA:867,0
DA:870,0
DA:871,0
DA:874,0
DA:877,0
DA:878,0
DA:879,0
DA:883,0
DA:884,0
DA:885,0
DA:888,0
DA:889,0
DA:892,0
DA:894,0
DA:898,0
DA:906,0
DA:921,0
DA:922,0
DA:927,0
DA:929,0
DA:933,0
DA:935,0
DA:938,0
DA:940,0
DA:941,0
DA:942,0
DA:943,0
DA:944,0
DA:945,0
DA:946,0
DA:947,0
DA:948,0
DA:952,0
DA:965,0
DA:967,0
DA:968,0
DA:970,0
DA:979,0
DA:981,0
DA:993,0
DA:994,0
DA:998,0
DA:999,0
DA:1000,0
DA:1003,0
DA:1004,0
DA:1007,0
DA:1008,0
DA:1009,0
DA:1010,0
DA:1013,0
DA:1026,0
DA:1029,0
DA:1030,0
DA:1034,0
DA:1035,0
DA:1038,0
DA:1039,0
DA:1041,0
DA:1047,0
DA:1054,0
DA:1057,0
DA:1060,0
DA:1061,0
DA:1064,0
DA:1072,0
DA:1074,0
DA:1075,0
DA:1082,0
DA:1084,0
DA:1096,0
DA:1097,0
DA:1101,0
DA:1102,0
DA:1103,0
DA:1106,0
DA:1109,0
DA:1110,0
DA:1111,0
DA:1114,0
DA:1115,0
DA:1118,0
DA:1119,0
DA:1121,0
DA:1131,0
DA:1137,0
DA:1140,0
DA:1142,0
DA:1143,0
DA:1144,0
DA:1145,0
DA:1146,0
DA:1147,0
DA:1148,0
DA:1149,0
DA:1150,0
DA:1154,0
DA:1162,0
DA:1164,0
DA:1166,0
DA:1168,0
DA:1171,0
DA:1174,0
DA:1176,0
DA:1178,0
DA:1182,0
DA:1184,0
DA:1197,0
DA:1203,0
DA:1204,0
DA:1206,0
DA:1211,0
DA:1213,0
DA:1215,0
DA:1218,0
DA:1221,0
DA:1222,0
DA:1230,0
DA:1232,0
DA:1234,0
DA:1237,0
DA:1238,0
DA:1239,0
DA:1242,0
DA:1244,0
DA:1246,0
DA:1250,0
DA:1252,0
DA:1269,0
DA:1270,0
DA:1276,0
DA:1281,0
DA:1283,0
DA:1285,0
DA:1288,0
DA:1291,0
DA:1292,0
DA:1300,5
DA:1314,0
DA:1315,0
DA:1316,0
DA:1317,0
DA:1318,0
DA:1320,0
DA:1335,0
DA:1336,0
DA:1337,0
DA:1338,0
DA:1340,0
DA:1342,0
DA:1347,0
DA:1348,0
DA:1352,0
DA:1357,0
DA:1360,0
DA:1371,4
DA:1372,1
DA:1383,3
DA:1384,3
DA:1385,3
DA:1386,3
DA:1388,3
DA:1391,3
DA:1392,6
DA:1393,6
DA:1396,6
DA:1397,3
DA:1398,3
DA:1401,3
DA:1402,1
DA:1412,6
DA:1413,4
DA:1416,4
DA:1417,0
DA:1418,0
DA:1421,0
DA:1422,0
DA:1424,0
DA:1428,2
DA:1429,2
DA:1433,2
DA:1442,0
DA:1447,0
DA:1452,0
DA:1453,0
DA:1455,0
DA:1456,0
DA:1460,0
DA:1473,3
DA:1474,2
DA:1475,2
DA:1476,2
DA:1479,2
DA:1480,0
DA:1485,3
DA:1486,3
DA:1487,1
DA:1491,3
DA:1492,3
DA:1494,3
DA:1495,3
DA:1496,1
DA:1497,2
DA:1498,0
DA:1499,2
DA:1501,0
DA:1504,3
DA:1512,3
DA:1513,3
DA:1514,3
DA:1516,3
DA:1530,0
DA:1533,0
DA:1534,0
DA:1537,0
DA:1538,0
DA:1540,0
LF:490
LH:47
BRDA:192,0,0,0
BRDA:192,0,1,0
BRDA:230,1,0,0
BRDA:230,1,1,0
BRDA:242,2,0,0
BRDA:242,2,1,0
BRDA:251,3,0,0
BRDA:251,3,1,0
BRDA:281,4,0,0
BRDA:281,4,1,0
BRDA:281,5,0,0
BRDA:281,5,1,0
BRDA:295,6,0,0
BRDA:295,6,1,0
BRDA:307,7,0,0
BRDA:307,7,1,0
BRDA:312,8,0,0
BRDA:312,8,1,0
BRDA:312,9,0,0
BRDA:312,9,1,0
BRDA:333,10,0,0
BRDA:333,10,1,0
BRDA:334,11,0,0
BRDA:334,11,1,0
BRDA:334,12,0,0
BRDA:334,12,1,0
BRDA:336,13,0,0
BRDA:336,13,1,0
BRDA:338,14,0,0
BRDA:338,14,1,0
BRDA:340,15,0,0
BRDA:340,15,1,0
BRDA:340,16,0,0
BRDA:340,16,1,0
BRDA:346,17,0,0
BRDA:346,17,1,0
BRDA:346,18,0,0
BRDA:346,18,1,0
BRDA:371,19,0,0
BRDA:371,19,1,0
BRDA:376,20,0,0
BRDA:376,20,1,0
BRDA:376,21,0,0
BRDA:376,21,1,0
BRDA:376,21,2,0
BRDA:386,22,0,0
BRDA:386,22,1,0
BRDA:386,23,0,0
BRDA:386,23,1,0
BRDA:393,24,0,0
BRDA:393,24,1,0
BRDA:393,24,2,0
BRDA:396,25,0,0
BRDA:396,25,1,0
BRDA:398,26,0,0
BRDA:398,26,1,0
BRDA:401,27,0,0
BRDA:401,27,1,0
BRDA:403,28,0,0
BRDA:403,28,1,0
BRDA:407,29,0,0
BRDA:407,29,1,0
BRDA:415,30,0,0
BRDA:415,30,1,0
BRDA:416,31,0,0
BRDA:416,31,1,0
BRDA:420,32,0,0
BRDA:420,32,1,0
BRDA:434,33,0,0
BRDA:434,33,1,0
BRDA:434,34,0,0
BRDA:434,34,1,0
BRDA:440,35,0,0
BRDA:440,35,1,0
BRDA:440,35,2,0
BRDA:444,36,0,0
BRDA:444,36,1,0
BRDA:447,37,0,0
BRDA:447,37,1,0
BRDA:447,37,2,0
BRDA:451,38,0,0
BRDA:451,38,1,0
BRDA:469,39,0,0
BRDA:469,39,1,0
BRDA:474,40,0,0
BRDA:474,40,1,0
BRDA:474,41,0,0
BRDA:474,41,1,0
BRDA:474,41,2,0
BRDA:483,42,0,0
BRDA:483,42,1,0
BRDA:483,43,0,0
BRDA:483,43,1,0
BRDA:490,44,0,0
BRDA:490,44,1,0
BRDA:496,45,0,0
BRDA:496,45,1,0
BRDA:504,46,0,0
BRDA:504,46,1,0
BRDA:505,47,0,0
BRDA:505,47,1,0
BRDA:509,48,0,0
BRDA:509,48,1,0
BRDA:511,49,0,0
BRDA:511,49,1,0
BRDA:518,50,0,0
BRDA:518,50,1,0
BRDA:518,51,0,0
BRDA:518,51,1,0
BRDA:524,52,0,0
BRDA:524,52,1,0
BRDA:526,53,0,0
BRDA:526,53,1,0
BRDA:598,54,0,0
BRDA:598,54,1,0
BRDA:598,55,0,0
BRDA:598,55,1,0
BRDA:603,56,0,0
BRDA:603,56,1,0
BRDA:631,57,0,0
BRDA:631,57,1,0
BRDA:632,58,0,0
BRDA:632,58,1,0
BRDA:633,59,0,0
BRDA:633,59,1,0
BRDA:634,60,0,0
BRDA:634,60,1,0
BRDA:635,61,0,0
BRDA:635,61,1,0
BRDA:636,62,0,0
BRDA:636,62,1,0
BRDA:674,63,0,0
BRDA:674,63,1,0
BRDA:679,64,0,0
BRDA:679,64,1,0
BRDA:679,65,0,0
BRDA:679,65,1,0
BRDA:679,65,2,0
BRDA:686,66,0,0
BRDA:686,66,1,0
BRDA:692,67,0,0
BRDA:692,67,1,0
BRDA:692,68,0,0
BRDA:692,68,1,0
BRDA:711,69,0,0
BRDA:711,69,1,0
BRDA:712,70,0,0
BRDA:712,70,1,0
BRDA:713,71,0,0
BRDA:713,71,1,0
BRDA:731,72,0,0
BRDA:731,72,1,0
BRDA:743,73,0,0
BRDA:743,73,1,0
BRDA:744,74,0,0
BRDA:744,74,1,0
BRDA:744,75,0,0
BRDA:744,75,1,0
BRDA:746,76,0,0
BRDA:746,76,1,0
BRDA:748,77,0,0
BRDA:748,77,1,0
BRDA:750,78,0,0
BRDA:750,78,1,0
BRDA:750,79,0,0
BRDA:750,79,1,0
BRDA:774,80,0,0
BRDA:774,80,1,0
BRDA:774,81,0,0
BRDA:774,81,1,0
BRDA:778,82,0,0
BRDA:778,82,1,0
BRDA:806,83,0,0
BRDA:806,83,1,0
BRDA:807,84,0,0
BRDA:807,84,1,0
BRDA:808,85,0,0
BRDA:808,85,1,0
BRDA:809,86,0,0
BRDA:809,86,1,0
BRDA:810,87,0,0
BRDA:810,87,1,0
BRDA:811,88,0,0
BRDA:811,88,1,0
BRDA:847,89,0,0
BRDA:847,89,1,0
BRDA:852,90,0,0
BRDA:852,90,1,0
BRDA:852,91,0,0
BRDA:852,91,1,0
BRDA:852,91,2,0
BRDA:859,92,0,0
BRDA:859,92,1,0
BRDA:883,93,0,0
BRDA:883,93,1,0
BRDA:884,94,0,0
BRDA:884,94,1,0
BRDA:885,95,0,0
BRDA:885,95,1,0
BRDA:892,96,0,0
BRDA:892,96,1,0
BRDA:894,97,0,0
BRDA:894,97,1,0
BRDA:921,98,0,0
BRDA:921,98,1,0
BRDA:922,99,0,0
BRDA:922,99,1,0
BRDA:922,99,2,0
BRDA:927,100,0,0
BRDA:927,100,1,0
BRDA:940,101,0,0
BRDA:940,101,1,0
BRDA:941,102,0,0
BRDA:941,102,1,0
BRDA:941,103,0,0
BRDA:941,103,1,0
BRDA:943,104,0,0
BRDA:943,104,1,0
BRDA:945,105,0,0
BRDA:945,105,1,0
BRDA:947,106,0,0
BRDA:947,106,1,0
BRDA:947,107,0,0
BRDA:947,107,1,0
BRDA:993,108,0,0
BRDA:993,108,1,0
BRDA:998,109,0,0
BRDA:998,109,1,0
BRDA:998,110,0,0
BRDA:998,110,1,0
BRDA:1021,111,0,0
BRDA:1021,111,1,0
BRDA:1022,112,0,0
BRDA:1022,112,1,0
BRDA:1029,113,0,0
BRDA:1029,113,1,0
BRDA:1034,114,0,0
BRDA:1034,114,1,0
BRDA:1034,115,0,0
BRDA:1034,115,1,0
BRDA:1038,116,0,0
BRDA:1038,116,1,0
BRDA:1051,117,0,0
BRDA:1051,117,1,0
BRDA:1051,118,0,0
BRDA:1051,118,1,0
BRDA:1060,119,0,0
BRDA:1060,119,1,0
BRDA:1061,120,0,0
BRDA:1061,120,1,0
BRDA:1096,121,0,0
BRDA:1096,121,1,0
BRDA:1101,122,0,0
BRDA:1101,122,1,0
BRDA:1109,123,0,0
BRDA:1109,123,1,0
BRDA:1110,124,0,0
BRDA:1110,124,1,0
BRDA:1111,125,0,0
BRDA:1111,125,1,0
BRDA:1114,126,0,0
BRDA:1114,126,1,0
BRDA:1142,127,0,0
BRDA:1142,127,1,0
BRDA:1143,128,0,0
BRDA:1143,128,1,0
BRDA:1143,129,0,0
BRDA:1143,129,1,0
BRDA:1145,130,0,0
BRDA:1145,130,1,0
BRDA:1147,131,0,0
BRDA:1147,131,1,0
BRDA:1149,132,0,0
BRDA:1149,132,1,0
BRDA:1149,133,0,0
BRDA:1149,133,1,0
BRDA:1176,134,0,0
BRDA:1176,134,1,0
BRDA:1178,135,0,0
BRDA:1178,135,1,0
BRDA:1182,136,0,0
BRDA:1182,136,1,0
BRDA:1213,137,0,0
BRDA:1213,137,1,0
BRDA:1244,138,0,0
BRDA:1244,138,1,0
BRDA:1246,139,0,0
BRDA:1246,139,1,0
BRDA:1250,140,0,0
BRDA:1250,140,1,0
BRDA:1262,141,0,0
BRDA:1262,141,1,0
BRDA:1283,142,0,0
BRDA:1283,142,1,0
BRDA:1335,143,0,0
BRDA:1335,143,1,0
BRDA:1335,143,2,0
BRDA:1335,143,3,0
BRDA:1336,144,0,0
BRDA:1336,144,1,0
BRDA:1336,144,2,0
BRDA:1336,144,3,0
BRDA:1337,145,0,0
BRDA:1337,145,1,0
BRDA:1337,145,2,0
BRDA:1337,145,3,0
BRDA:1338,146,0,0
BRDA:1338,146,1,0
BRDA:1338,146,2,0
BRDA:1338,146,3,0
BRDA:1342,147,0,0
BRDA:1342,147,1,0
BRDA:1347,148,0,0
BRDA:1347,148,1,0
BRDA:1347,149,0,0
BRDA:1347,149,1,0
BRDA:1348,150,0,0
BRDA:1348,150,1,0
BRDA:1348,151,0,0
BRDA:1348,151,1,0
BRDA:1352,152,0,0
BRDA:1352,152,1,0
BRDA:1352,152,2,0
BRDA:1352,152,3,0
BRDA:1352,152,4,0
BRDA:1357,153,0,0
BRDA:1357,153,1,0
BRDA:1357,154,0,0
BRDA:1357,154,1,0
BRDA:1358,155,0,0
BRDA:1358,155,1,0
BRDA:1371,156,0,1
BRDA:1371,156,1,3
BRDA:1396,157,0,3
BRDA:1396,157,1,3
BRDA:1401,158,0,1
BRDA:1401,158,1,2
BRDA:1401,159,0,3
BRDA:1401,159,1,1
BRDA:1412,160,0,4
BRDA:1412,160,1,2
BRDA:1416,161,0,0
BRDA:1416,161,1,4
BRDA:1421,162,0,0
BRDA:1421,162,1,0
BRDA:1428,163,0,2
BRDA:1428,163,1,0
BRDA:1429,164,0,0
BRDA:1429,164,1,2
BRDA:1430,165,0,1
BRDA:1430,165,1,1
BRDA:1430,166,0,2
BRDA:1430,166,1,2
BRDA:1438,167,0,2
BRDA:1438,167,1,0
BRDA:1442,168,0,0
BRDA:1442,168,1,0
BRDA:1443,169,0,0
BRDA:1443,169,1,0
BRDA:1443,170,0,0
BRDA:1443,170,1,0
BRDA:1447,171,0,0
BRDA:1447,171,1,0
BRDA:1447,172,0,0
BRDA:1447,172,1,0
BRDA:1447,172,2,0
BRDA:1447,172,3,0
BRDA:1447,172,4,0
BRDA:1447,172,5,0
BRDA:1455,173,0,0
BRDA:1455,173,1,0
BRDA:1465,174,0,0
BRDA:1465,174,1,0
BRDA:1473,175,0,2
BRDA:1473,175,1,1
BRDA:1479,176,0,0
BRDA:1479,176,1,2
BRDA:1495,177,0,1
BRDA:1495,177,1,2
BRDA:1497,178,0,0
BRDA:1497,178,1,2
BRDA:1499,179,0,0
BRDA:1499,179,1,2
BRDA:1499,180,0,2
BRDA:1499,180,1,2
BRDA:1499,180,2,0
BRDA:1499,180,3,0
BRDA:1512,181,0,3
BRDA:1512,181,1,0
BRDA:1512,182,0,3
BRDA:1512,182,1,3
BRDA:1513,183,0,3
BRDA:1513,183,1,0
BRDA:1514,184,0,3
BRDA:1514,184,1,0
BRDA:1540,185,0,0
BRDA:1540,185,1,0
BRF:397
BRH:32
end_of_record
TN:
SF:services/ecowittServiceEnhanced.ts
FN:26,fetchAllEcowittWindDataWithPagination
FN:40,(anonymous_1)
FN:99,(anonymous_2)
FN:123,(anonymous_3)
FN:139,(anonymous_4)
FN:154,fetchDawnPatrolWindData
FN:185,(anonymous_6)
FN:223,refreshDawnPatrolWindData
FN:240,fetchEcowittEnhancedWindDataForDevice
FNF:9
FNH:0
FNDA:0,fetchAllEcowittWindDataWithPagination
FNDA:0,(anonymous_1)
FNDA:0,(anonymous_2)
FNDA:0,(anonymous_3)
FNDA:0,(anonymous_4)
FNDA:0,fetchDawnPatrolWindData
FNDA:0,(anonymous_6)
FNDA:0,refreshDawnPatrolWindData
FNDA:0,fetchEcowittEnhancedWindDataForDevice
DA:32,0
DA:34,0
DA:35,0
DA:36,0
DA:37,0
DA:40,0
DA:41,0
DA:42,0
DA:43,0
DA:44,0
DA:45,0
DA:46,0
DA:47,0
DA:50,0
DA:52,0
DA:53,0
DA:55,0
DA:67,0
DA:79,0
DA:80,0
DA:84,0
DA:85,0
DA:86,0
DA:87,0
DA:91,0
DA:92,0
DA:94,0
DA:95,0
DA:96,0
DA:98,0
DA:100,0
DA:101,0
DA:102,0
DA:104,0
DA:105,0
DA:106,0
DA:108,0
DA:109,0
DA:111,0
DA:123,0
DA:125,0
DA:129,0
DA:132,0
DA:133,0
DA:134,0
DA:139,0
DA:141,0
DA:143,0
DA:146,0
DA:147,0
DA:158,0
DA:159,0
DA:161,0
DA:163,0
DA:164,0
DA:165,0
DA:166,0
DA:169,0
DA:170,0
DA:171,0
DA:176,0
DA:177,0
DA:179,0
DA:182,0
DA:185,0
DA:186,0
DA:187,0
DA:188,0
DA:192,0
DA:197,0
DA:199,0
DA:202,0
DA:205,0
DA:206,0
DA:207,0
DA:208,0
DA:209,0
DA:210,0
DA:213,0
DA:216,0
DA:227,0
DA:228,0
DA:231,0
DA:234,0
DA:241,0
DA:244,0
DA:245,0
DA:247,0
LF:88
LH:0
BRDA:30,0,0,0
BRDA:79,1,0,0
BRDA:79,1,1,0
BRDA:84,2,0,0
BRDA:84,2,1,0
BRDA:85,3,0,0
BRDA:85,3,1,0
BRDA:86,4,0,0
BRDA:86,4,1,0
BRDA:91,5,0,0
BRDA:91,5,1,0
BRDA:94,6,0,0
BRDA:94,6,1,0
BRDA:104,7,0,0
BRDA:104,7,1,0
BRDA:105,8,0,0
BRDA:105,8,1,0
BRDA:106,9,0,0
BRDA:106,9,1,0
BRDA:123,10,0,0
BRDA:123,10,1,0
BRDA:132,11,0,0
BRDA:132,11,1,0
BRDA:156,12,0,0
BRDA:164,13,0,0
BRDA:164,13,1,0
BRDA:169,14,0,0
BRDA:169,14,1,0
BRDA:188,15,0,0
BRDA:188,15,1,0
BRDA:207,16,0,0
BRDA:207,16,1,0
BRDA:225,17,0,0
BRF:33
BRH:0
end_of_record
TN:
SF:services/fallbackData.ts
FNF:0
FNH:0
DA:10,0
LF:1
LH:0
BRF:0
BRH:0
end_of_record
TN:
SF:services/generalNotificationService.ts
FN:14,(anonymous_0)
FN:16,(anonymous_1)
FN:26,(anonymous_2)
FN:34,(anonymous_3)
FN:64,(anonymous_4)
FN:118,(anonymous_5)
FN:130,(anonymous_6)
FN:161,(anonymous_7)
FNF:8
FNH:0
FNDA:0,(anonymous_0)
FNDA:0,(anonymous_1)
FNDA:0,(anonymous_2)
FNDA:0,(anonymous_3)
FNDA:0,(anonymous_4)
FNDA:0,(anonymous_5)
FNDA:0,(anonymous_6)
FNDA:0,(anonymous_7)
DA:17,0
DA:18,0
DA:20,0
DA:28,0
DA:35,0
DA:36,0
DA:38,0
DA:39,0
DA:40,0
DA:43,0
DA:44,0
DA:45,0
DA:46,0
DA:47,0
DA:49,0
DA:52,0
DA:53,0
DA:54,0
DA:56,0
DA:57,0
DA:71,0
DA:72,0
DA:74,0
DA:75,0
DA:76,0
DA:79,0
DA:80,0
DA:82,0
DA:83,0
DA:84,0
DA:87,0
DA:88,0
DA:90,0
DA:107,0
DA:108,0
DA:110,0
DA:111,0
DA:119,0
DA:120,0
DA:121,0
DA:123,0
DA:131,0
DA:132,0
DA:134,0
DA:143,0
DA:151,0
DA:153,0
DA:162,0
DA:163,0
DA:166,0
DA:169,0
DA:171,0
DA:172,0
DA:175,0
DA:177,0
DA:183,0
LF:56
LH:0
BRDA:17,0,0,0
BRDA:17,0,1,0
BRDA:43,1,0,0
BRDA:43,1,1,0
BRDA:53,2,0,0
BRDA:53,2,1,0
BRDA:68,3,0,0
BRDA:74,4,0,0
BRDA:74,4,1,0
BRDA:82,5,0,0
BRDA:82,5,1,0
BRDA:131,6,0,0
BRDA:131,6,1,0
BRDA:171,7,0,0
BRDA:171,7,1,0
BRF:15
BRH:0
end_of_record
TN:
SF:services/globalCrashHandler.ts
FN:28,(anonymous_0)
FN:59,(anonymous_1)
FN:75,(anonymous_2)
FN:78,(anonymous_3)
FN:96,(anonymous_4)
FN:114,(anonymous_5)
FN:126,(anonymous_6)
FN:140,(anonymous_7)
FN:146,(anonymous_8)
FN:153,(anonymous_9)
FN:160,(anonymous_10)
FN:165,(anonymous_11)
FN:215,(anonymous_12)
FN:244,(anonymous_13)
FN:266,(anonymous_14)
FN:284,(anonymous_15)
FNF:16
FNH:0
FNDA:0,(anonymous_0)
FNDA:0,(anonymous_1)
FNDA:0,(anonymous_2)
FNDA:0,(anonymous_3)
FNDA:0,(anonymous_4)
FNDA:0,(anonymous_5)
FNDA:0,(anonymous_6)
FNDA:0,(anonymous_7)
FNDA:0,(anonymous_8)
FNDA:0,(anonymous_9)
FNDA:0,(anonymous_10)
FNDA:0,(anonymous_11)
FNDA:0,(anonymous_12)
FNDA:0,(anonymous_13)
FNDA:0,(anonymous_14)
FNDA:0,(anonymous_15)
DA:18,0
DA:19,0
DA:20,0
DA:21,0
DA:22,0
DA:29,0
DA:31,0
DA:33,0
DA:35,0
DA:36,0
DA:37,0
DA:38,0
DA:39,0
DA:42,0
DA:43,0
DA:48,0
DA:51,0
DA:52,0
DA:53,0
DA:54,0
DA:56,0
DA:57,0
DA:58,0
DA:59,0
DA:60,0
DA:63,0
DA:67,0
DA:69,0
DA:71,0
DA:77,0
DA:78,0
DA:80,0
DA:83,0
DA:84,0
DA:85,0
DA:95,0
DA:96,0
DA:97,0
DA:99,0
DA:108,0
DA:109,0
DA:114,0
DA:115,0
DA:117,0
DA:127,0
DA:139,0
DA:140,0
DA:147,0
DA:154,0
DA:161,0
DA:162,0
DA:166,0
DA:168,0
DA:174,0
DA:181,0
DA:182,0
DA:185,0
DA:186,0
DA:189,0
DA:195,0
DA:202,0
DA:205,0
DA:206,0
DA:207,0
DA:211,0
DA:216,0
DA:218,0
DA:225,0
DA:226,0
DA:230,0
DA:235,0
DA:237,0
DA:245,0
DA:246,0
DA:252,0
DA:258,0
DA:259,0
DA:267,0
DA:268,0
DA:273,0
DA:274,0
DA:275,0
DA:277,0
DA:285,0
DA:294,0
LF:85
LH:0
BRDA:29,0,0,0
BRDA:29,0,1,0
BRDA:36,1,0,0
BRDA:36,1,1,0
BRDA:38,2,0,0
BRDA:38,2,1,0
BRDA:39,3,0,0
BRDA:39,3,1,0
BRDA:42,4,0,0
BRDA:42,4,1,0
BRDA:42,5,0,0
BRDA:42,5,1,0
BRDA:51,6,0,0
BRDA:51,6,1,0
BRDA:57,7,0,0
BRDA:57,7,1,0
BRDA:84,8,0,0
BRDA:84,8,1,0
BRDA:108,9,0,0
BRDA:108,9,1,0
BRDA:176,10,0,0
BRDA:176,10,1,0
BRDA:178,11,0,0
BRDA:178,11,1,0
BRDA:196,12,0,0
BRDA:196,12,1,0
BRDA:205,13,0,0
BRDA:205,13,1,0
BRDA:253,14,0,0
BRDA:253,14,1,0
BRDA:254,15,0,0
BRDA:254,15,1,0
BRDA:255,16,0,0
BRDA:255,16,1,0
BRF:34
BRH:0
end_of_record
TN:
SF:services/hybridWeatherService.ts
FN:89,(anonymous_0)
FN:93,(anonymous_1)
FN:100,(anonymous_2)
FN:120,(anonymous_3)
FN:164,(anonymous_4)
FN:203,(anonymous_5)
FN:217,(anonymous_6)
FN:247,(anonymous_7)
FN:296,(anonymous_8)
FN:326,(anonymous_9)
FN:344,(anonymous_10)
FN:386,(anonymous_11)
FN:404,(anonymous_12)
FN:418,(anonymous_13)
FN:427,(anonymous_14)
FN:428,(anonymous_15)
FN:443,(anonymous_16)
FN:462,(anonymous_17)
FN:480,(anonymous_18)
FN:489,(anonymous_19)
FN:497,(anonymous_20)
FNF:21
FNH:0
FNDA:0,(anonymous_0)
FNDA:0,(anonymous_1)
FNDA:0,(anonymous_2)
FNDA:0,(anonymous_3)
FNDA:0,(anonymous_4)
FNDA:0,(anonymous_5)
FNDA:0,(anonymous_6)
FNDA:0,(anonymous_7)
FNDA:0,(anonymous_8)
FNDA:0,(anonymous_9)
FNDA:0,(anonymous_10)
FNDA:0,(anonymous_11)
FNDA:0,(anonymous_12)
FNDA:0,(anonymous_13)
FNDA:0,(anonymous_14)
FNDA:0,(anonymous_15)
FNDA:0,(anonymous_16)
FNDA:0,(anonymous_17)
FNDA:0,(anonymous_18)
FNDA:0,(anonymous_19)
FNDA:0,(anonymous_20)
DA:6,0
DA:87,0
DA:90,0
DA:94,0
DA:95,0
DA:97,0
DA:101,0
DA:102,0
DA:106,0
DA:107,0
DA:109,0
DA:112,0
DA:113,0
DA:121,0
DA:123,0
DA:124,0
DA:127,0
DA:132,0
DA:152,0
DA:153,0
DA:156,0
DA:157,0
DA:168,0
DA:170,0
DA:172,0
DA:173,0
DA:176,0
DA:177,0
DA:178,0
DA:179,0
DA:180,0
DA:182,0
DA:187,0
DA:188,0
DA:190,0
DA:196,0
DA:199,0
DA:200,0
DA:201,0
DA:203,0
DA:210,0
DA:222,0
DA:229,0
DA:230,0
DA:231,0
DA:234,0
DA:244,0
DA:247,0
DA:248,0
DA:253,0
DA:254,0
DA:257,0
DA:260,0
DA:266,0
DA:268,0
DA:287,0
DA:300,0
DA:301,0
DA:305,0
DA:316,0
DA:326,0
DA:332,0
DA:348,0
DA:349,0
DA:353,0
DA:374,0
DA:386,0
DA:398,0
DA:408,0
DA:422,0
DA:423,0
DA:427,0
DA:428,0
DA:429,0
DA:432,0
DA:444,0
DA:446,0
DA:447,0
DA:448,0
DA:449,0
DA:450,0
DA:453,0
DA:454,0
DA:456,0
DA:463,0
DA:483,0
DA:490,0
DA:491,0
DA:498,0
DA:503,0
LF:90
LH:0
BRDA:94,0,0,0
BRDA:94,0,1,0
BRDA:102,1,0,0
BRDA:102,1,1,0
BRDA:102,1,2,0
BRDA:106,2,0,0
BRDA:106,2,1,0
BRDA:177,3,0,0
BRDA:177,3,1,0
BRDA:199,4,0,0
BRDA:199,4,1,0
BRDA:248,5,0,0
BRDA:248,5,1,0
BRDA:254,6,0,0
BRDA:254,6,1,0
BRDA:255,7,0,0
BRDA:255,7,1,0
BRDA:266,8,0,0
BRDA:266,8,1,0
BRDA:272,9,0,0
BRDA:272,9,1,0
BRDA:276,10,0,0
BRDA:276,10,1,0
BRDA:288,11,0,0
BRDA:288,11,1,0
BRDA:300,12,0,0
BRDA:300,12,1,0
BRDA:348,13,0,0
BRDA:348,13,1,0
BRDA:381,14,0,0
BRDA:381,14,1,0
BRDA:383,15,0,0
BRDA:383,15,1,0
BRDA:393,16,0,0
BRDA:393,16,1,0
BRDA:395,17,0,0
BRDA:395,17,1,0
BRDA:410,18,0,0
BRDA:410,18,1,0
BRDA:411,19,0,0
BRDA:411,19,1,0
BRDA:422,20,0,0
BRDA:422,20,1,0
BRDA:429,21,0,0
BRDA:429,21,1,0
BRDA:434,22,0,0
BRDA:434,22,1,0
BRDA:435,23,0,0
BRDA:435,23,1,0
BRDA:446,24,0,0
BRDA:446,24,1,0
BRDA:446,25,0,0
BRDA:446,25,1,0
BRDA:447,26,0,0
BRDA:447,26,1,0
BRDA:447,27,0,0
BRDA:447,27,1,0
BRDA:448,28,0,0
BRDA:448,28,1,0
BRDA:448,29,0,0
BRDA:448,29,1,0
BRDA:449,30,0,0
BRDA:449,30,1,0
BRDA:450,31,0,0
BRDA:450,31,1,0
BRDA:450,32,0,0
BRDA:450,32,1,0
BRDA:453,33,0,0
BRDA:453,33,1,0
BRDA:453,34,0,0
BRDA:453,34,1,0
BRDA:454,35,0,0
BRDA:454,35,1,0
BRDA:498,36,0,0
BRDA:498,36,1,0
BRF:75
BRH:0
end_of_record
TN:
SF:services/openMeteoWeatherService.ts
FN:142,(anonymous_0)
FN:144,(anonymous_1)
FN:154,(anonymous_2)
FN:194,(anonymous_3)
FN:238,(anonymous_4)
FN:289,(anonymous_5)
FN:306,(anonymous_6)
FN:307,(anonymous_7)
FN:323,(anonymous_8)
FN:341,(anonymous_9)
FN:373,(anonymous_10)
FN:392,(anonymous_11)
FN:420,(anonymous_12)
FN:466,(anonymous_13)
FN:481,(anonymous_14)
FN:493,(anonymous_15)
FNF:16
FNH:0
FNDA:0,(anonymous_0)
FNDA:0,(anonymous_1)
FNDA:0,(anonymous_2)
FNDA:0,(anonymous_3)
FNDA:0,(anonymous_4)
FNDA:0,(anonymous_5)
FNDA:0,(anonymous_6)
FNDA:0,(anonymous_7)
FNDA:0,(anonymous_8)
FNDA:0,(anonymous_9)
FNDA:0,(anonymous_10)
FNDA:0,(anonymous_11)
FNDA:0,(anonymous_12)
FNDA:0,(anonymous_13)
FNDA:0,(anonymous_14)
FNDA:0,(anonymous_15)
DA:5,0
DA:6,0
DA:7,0
DA:10,0
DA:112,0
DA:145,0
DA:146,0
DA:148,0
DA:155,0
DA:157,0
DA:158,0
DA:159,0
DA:160,0
DA:164,0
DA:165,0
DA:168,0
DA:170,0
DA:172,0
DA:175,0
DA:176,0
DA:177,0
DA:178,0
DA:186,0
DA:187,0
DA:195,0
DA:197,0
DA:199,0
DA:204,0
DA:206,0
DA:226,0
DA:227,0
DA:230,0
DA:231,0
DA:239,0
DA:274,0
DA:279,0
DA:280,0
DA:283,0
DA:290,0
DA:307,0
DA:324,0
DA:325,0
DA:331,0
DA:332,0
DA:334,0
DA:342,0
DA:343,0
DA:344,0
DA:346,0
DA:347,0
DA:350,0
DA:351,0
DA:352,0
DA:355,0
DA:356,0
DA:362,0
DA:363,0
DA:365,0
DA:366,0
DA:374,0
DA:375,0
DA:376,0
DA:378,0
DA:379,0
DA:381,0
DA:382,0
DA:384,0
DA:385,0
DA:393,0
DA:395,0
DA:407,0
DA:420,0
DA:421,0
DA:422,0
DA:423,0
DA:424,0
DA:425,0
DA:427,0
DA:439,0
DA:442,0
DA:467,0
DA:468,0
DA:469,0
DA:470,0
DA:471,0
DA:473,0
DA:474,0
DA:482,0
DA:483,0
DA:484,0
DA:486,0
DA:499,0
DA:500,0
DA:501,0
DA:502,0
DA:505,0
DA:506,0
DA:507,0
DA:508,0
DA:510,0
DA:517,0
DA:518,0
DA:524,0
LF:103
LH:0
BRDA:145,0,0,0
BRDA:145,0,1,0
BRDA:158,1,0,0
BRDA:158,1,1,0
BRDA:176,2,0,0
BRDA:176,2,1,0
BRDA:279,3,0,0
BRDA:279,3,1,0
BRDA:299,4,0,0
BRDA:299,4,1,0
BRDA:309,5,0,0
BRDA:309,5,1,0
BRDA:310,6,0,0
BRDA:310,6,1,0
BRDA:311,7,0,0
BRDA:311,7,1,0
BRDA:312,8,0,0
BRDA:312,8,1,0
BRDA:313,9,0,0
BRDA:313,9,1,0
BRDA:314,10,0,0
BRDA:314,10,1,0
BRDA:315,11,0,0
BRDA:315,11,1,0
BRDA:316,12,0,0
BRDA:316,12,1,0
BRDA:344,13,0,0
BRDA:344,13,1,0
BRDA:350,14,0,0
BRDA:350,14,1,0
BRDA:350,15,0,0
BRDA:350,15,1,0
BRDA:376,16,0,0
BRDA:376,16,1,0
BRDA:501,17,0,0
BRDA:501,17,1,0
BRDA:514,18,0,0
BRDA:514,18,1,0
BRF:38
BRH:0
end_of_record
TN:
SF:services/polyfills.ts
FN:9,(anonymous_0)
FN:36,(anonymous_1)
FNF:2
FNH:0
FNDA:0,(anonymous_0)
FNDA:0,(anonymous_1)
DA:8,0
DA:9,0
DA:13,0
DA:14,0
DA:16,0
DA:17,0
DA:20,0
DA:21,0
DA:23,0
DA:24,0
DA:25,0
DA:26,0
DA:30,0
DA:35,0
DA:36,0
DA:40,0
DA:41,0
DA:43,0
DA:44,0
DA:47,0
DA:48,0
DA:50,0
DA:51,0
DA:52,0
DA:53,0
DA:57,0
LF:26
LH:0
BRDA:8,0,0,0
BRDA:8,0,1,0
BRDA:13,1,0,0
BRDA:13,1,1,0
BRDA:16,2,0,0
BRDA:16,2,1,0
BRDA:25,3,0,0
BRDA:25,3,1,0
BRDA:35,4,0,0
BRDA:35,4,1,0
BRDA:40,5,0,0
BRDA:40,5,1,0
BRDA:43,6,0,0
BRDA:43,6,1,0
BRDA:52,7,0,0
BRDA:52,7,1,0
BRF:16
BRH:0
end_of_record
TN:
SF:services/productionCrashDetector.ts
FN:27,(anonymous_0)
FN:53,(anonymous_1)
FN:56,(anonymous_2)
FN:68,(anonymous_3)
FN:80,(anonymous_4)
FN:86,(anonymous_5)
FN:96,(anonymous_6)
FN:99,(anonymous_7)
FN:125,(anonymous_8)
FN:130,(anonymous_9)
FN:144,(anonymous_10)
FN:150,(anonymous_11)
FN:159,(anonymous_12)
FN:163,(anonymous_13)
FN:168,(anonymous_14)
FN:173,(anonymous_15)
FN:179,(anonymous_16)
FN:191,(anonymous_17)
FN:192,(anonymous_18)
FN:200,(anonymous_19)
FN:204,(anonymous_20)
FN:214,(anonymous_21)
FNF:22
FNH:0
FNDA:0,(anonymous_0)
FNDA:0,(anonymous_1)
FNDA:0,(anonymous_2)
FNDA:0,(anonymous_3)
FNDA:0,(anonymous_4)
FNDA:0,(anonymous_5)
FNDA:0,(anonymous_6)
FNDA:0,(anonymous_7)
FNDA:0,(anonymous_8)
FNDA:0,(anonymous_9)
FNDA:0,(anonymous_10)
FNDA:0,(anonymous_11)
FNDA:0,(anonymous_12)
FNDA:0,(anonymous_13)
FNDA:0,(anonymous_14)
FNDA:0,(anonymous_15)
FNDA:0,(anonymous_16)
FNDA:0,(anonymous_17)
FNDA:0,(anonymous_18)
FNDA:0,(anonymous_19)
FNDA:0,(anonymous_20)
FNDA:0,(anonymous_21)
DA:21,0
DA:22,0
DA:23,0
DA:24,0
DA:25,0
DA:28,0
DA:30,0
DA:32,0
DA:33,0
DA:34,0
DA:35,0
DA:36,0
DA:40,0
DA:42,0
DA:43,0
DA:46,0
DA:49,0
DA:55,0
DA:56,0
DA:57,0
DA:60,0
DA:61,0
DA:66,0
DA:67,0
DA:68,0
DA:70,0
DA:73,0
DA:74,0
DA:79,0
DA:80,0
DA:81,0
DA:87,0
DA:88,0
DA:91,0
DA:92,0
DA:96,0
DA:100,0
DA:115,0
DA:118,0
DA:119,0
DA:122,0
DA:125,0
DA:126,0
DA:131,0
DA:132,0
DA:138,0
DA:140,0
DA:145,0
DA:151,0
DA:160,0
DA:162,0
DA:163,0
DA:164,0
DA:165,0
DA:168,0
DA:169,0
DA:174,0
DA:175,0
DA:176,0
DA:180,0
DA:181,0
DA:192,0
DA:193,0
DA:196,0
DA:201,0
DA:202,0
DA:204,0
DA:205,0
DA:206,0
DA:207,0
DA:210,0
DA:215,0
DA:221,0
LF:73
LH:0
BRDA:28,0,0,0
BRDA:28,0,1,0
BRDA:33,1,0,0
BRDA:33,1,1,0
BRDA:35,2,0,0
BRDA:35,2,1,0
BRDA:36,3,0,0
BRDA:36,3,1,0
BRDA:60,4,0,0
BRDA:60,4,1,0
BRDA:66,5,0,0
BRDA:66,5,1,0
BRDA:79,6,0,0
BRDA:79,6,1,0
BRDA:87,7,0,0
BRDA:87,7,1,0
BRDA:91,8,0,0
BRDA:91,8,1,0
BRDA:106,9,0,0
BRDA:106,9,1,0
BRDA:118,10,0,0
BRDA:118,10,1,0
BRDA:160,11,0,0
BRDA:160,11,1,0
BRDA:165,12,0,0
BRDA:165,12,1,0
BRDA:169,13,0,0
BRDA:169,13,1,0
BRDA:185,14,0,0
BRDA:185,14,1,0
BRDA:205,15,0,0
BRDA:205,15,1,0
BRDA:207,16,0,0
BRDA:207,16,1,0
BRF:34
BRH:0
end_of_record
TN:
SF:services/storageService.ts
FN:7,(anonymous_0)
FN:22,(anonymous_1)
FN:38,(anonymous_2)
FN:43,(anonymous_3)
FN:60,(anonymous_4)
FN:63,(anonymous_5)
FNF:6
FNH:0
FNDA:0,(anonymous_0)
FNDA:0,(anonymous_1)
FNDA:0,(anonymous_2)
FNDA:0,(anonymous_3)
FNDA:0,(anonymous_4)
FNDA:0,(anonymous_5)
DA:7,0
DA:8,0
DA:9,0
DA:10,0
DA:11,0
DA:12,0
DA:14,0
DA:15,0
DA:22,0
DA:23,0
DA:24,0
DA:25,0
DA:26,0
DA:27,0
DA:29,0
DA:30,0
DA:38,0
DA:39,0
DA:40,0
DA:43,0
DA:44,0
DA:45,0
DA:46,0
DA:48,0
DA:51,0
DA:52,0
DA:54,0
DA:55,0
DA:60,0
DA:61,0
DA:63,0
DA:64,0
DA:65,0
DA:69,0
DA:70,0
DA:73,0
DA:75,0
DA:76,0
DA:77,0
DA:81,0
DA:82,0
DA:83,0
DA:85,0
DA:92,0
DA:93,0
DA:96,0
DA:100,0
DA:101,0
DA:103,0
DA:104,0
LF:50
LH:0
BRDA:61,0,0,0
BRDA:61,0,1,0
BRDA:75,1,0,0
BRDA:75,1,1,0
BRDA:83,2,0,0
BRDA:83,2,1,0
BRF:6
BRH:0
end_of_record
TN:
SF:services/terminalLogger.ts
FN:16,(anonymous_0)
FN:44,(anonymous_1)
FN:57,(anonymous_2)
FN:67,(anonymous_3)
FN:77,(anonymous_4)
FN:98,(anonymous_5)
FN:111,(anonymous_6)
FN:134,(anonymous_7)
FN:158,(anonymous_8)
FN:179,(anonymous_9)
FN:183,(anonymous_10)
FN:187,(anonymous_11)
FNF:12
FNH:0
FNDA:0,(anonymous_0)
FNDA:0,(anonymous_1)
FNDA:0,(anonymous_2)
FNDA:0,(anonymous_3)
FNDA:0,(anonymous_4)
FNDA:0,(anonymous_5)
FNDA:0,(anonymous_6)
FNDA:0,(anonymous_7)
FNDA:0,(anonymous_8)
FNDA:0,(anonymous_9)
FNDA:0,(anonymous_10)
FNDA:0,(anonymous_11)
DA:16,0
DA:18,0
DA:21,0
DA:33,0
DA:45,0
DA:47,0
DA:49,0
DA:55,0
DA:56,0
DA:57,0
DA:58,0
DA:59,0
DA:62,0
DA:65,0
DA:66,0
DA:67,0
DA:68,0
DA:69,0
DA:72,0
DA:75,0
DA:76,0
DA:77,0
DA:78,0
DA:79,0
DA:82,0
DA:85,0
DA:86,0
DA:87,0
DA:88,0
DA:91,0
DA:99,0
DA:100,0
DA:101,0
DA:103,0
DA:104,0
DA:112,0
DA:114,0
DA:115,0
DA:116,0
DA:117,0
DA:119,0
DA:120,0
DA:121,0
DA:122,0
DA:123,0
DA:124,0
DA:125,0
DA:127,0
DA:135,0
DA:137,0
DA:139,0
DA:146,0
DA:152,0
DA:153,0
DA:154,0
DA:158,0
DA:159,0
DA:163,0
DA:164,0
DA:167,0
DA:173,0
DA:176,0
DA:177,0
DA:179,0
DA:180,0
DA:183,0
DA:184,0
DA:187,0
DA:188,0
DA:191,0
DA:192,0
DA:193,0
DA:194,0
DA:195,0
DA:196,0
DA:197,0
LF:76
LH:0
BRDA:25,0,0,0
BRDA:25,0,1,0
BRDA:25,0,2,0
BRDA:26,1,0,0
BRDA:26,1,1,0
BRDA:26,1,2,0
BRDA:27,2,0,0
BRDA:27,2,1,0
BRDA:28,3,0,0
BRDA:28,3,1,0
BRDA:56,4,0,0
BRDA:56,4,1,0
BRDA:66,5,0,0
BRDA:66,5,1,0
BRDA:76,6,0,0
BRDA:76,6,1,0
BRDA:101,7,0,0
BRDA:101,7,1,0
BRDA:117,8,0,0
BRDA:117,8,1,0
BRDA:122,9,0,0
BRDA:122,9,1,0
BRDA:125,10,0,0
BRDA:125,10,1,0
BRDA:147,11,0,0
BRDA:147,11,1,0
BRDA:148,12,0,0
BRDA:148,12,1,0
BRDA:149,13,0,0
BRDA:149,13,1,0
BRDA:152,14,0,0
BRDA:152,14,1,0
BRDA:176,15,0,0
BRDA:176,15,1,0
BRF:34
BRH:0
end_of_record
TN:
SF:services/weatherService.ts
FN:157,(anonymous_0)
FN:161,(anonymous_1)
FN:171,(anonymous_2)
FN:192,(anonymous_3)
FN:200,(anonymous_4)
FN:207,(anonymous_5)
FN:249,(anonymous_6)
FN:298,(anonymous_7)
FN:319,(anonymous_8)
FN:340,(anonymous_9)
FN:357,(anonymous_10)
FN:358,(anonymous_11)
FN:374,(anonymous_12)
FN:391,(anonymous_13)
FN:420,(anonymous_14)
FN:448,(anonymous_15)
FN:494,(anonymous_16)
FNF:17
FNH:0
FNDA:0,(anonymous_0)
FNDA:0,(anonymous_1)
FNDA:0,(anonymous_2)
FNDA:0,(anonymous_3)
FNDA:0,(anonymous_4)
FNDA:0,(anonymous_5)
FNDA:0,(anonymous_6)
FNDA:0,(anonymous_7)
FNDA:0,(anonymous_8)
FNDA:0,(anonymous_9)
FNDA:0,(anonymous_10)
FNDA:0,(anonymous_11)
FNDA:0,(anonymous_12)
FNDA:0,(anonymous_13)
FNDA:0,(anonymous_14)
FNDA:0,(anonymous_15)
FNDA:0,(anonymous_16)
DA:6,0
DA:7,0
DA:8,0
DA:11,0
DA:155,0
DA:158,0
DA:162,0
DA:163,0
DA:165,0
DA:172,0
DA:174,0
DA:178,0
DA:179,0
DA:181,0
DA:184,0
DA:185,0
DA:193,0
DA:194,0
DA:201,0
DA:208,0
DA:210,0
DA:212,0
DA:213,0
DA:215,0
DA:218,0
DA:219,0
DA:220,0
DA:224,0
DA:227,0
DA:230,0
DA:231,0
DA:232,0
DA:233,0
DA:237,0
DA:238,0
DA:250,0
DA:252,0
DA:254,0
DA:261,0
DA:263,0
DA:284,0
DA:286,0
DA:287,0
DA:290,0
DA:291,0
DA:299,0
DA:309,0
DA:310,0
DA:313,0
DA:320,0
DA:330,0
DA:331,0
DA:334,0
DA:341,0
DA:358,0
DA:375,0
DA:376,0
DA:380,0
DA:381,0
DA:383,0
DA:392,0
DA:393,0
DA:394,0
DA:395,0
DA:398,0
DA:399,0
DA:401,0
DA:402,0
DA:403,0
DA:408,0
DA:409,0
DA:412,0
DA:413,0
DA:421,0
DA:423,0
DA:435,0
DA:448,0
DA:449,0
DA:450,0
DA:451,0
DA:452,0
DA:453,0
DA:465,0
DA:468,0
DA:470,0
DA:495,0
DA:496,0
DA:497,0
DA:499,0
DA:505,0
LF:90
LH:0
BRDA:162,0,0,0
BRDA:162,0,1,0
BRDA:174,1,0,0
BRDA:174,1,1,0
BRDA:174,1,2,0
BRDA:178,2,0,0
BRDA:178,2,1,0
BRDA:212,3,0,0
BRDA:212,3,1,0
BRDA:219,4,0,0
BRDA:219,4,1,0
BRDA:231,5,0,0
BRDA:231,5,1,0
BRDA:233,6,0,0
BRDA:233,6,1,0
BRDA:240,7,0,0
BRDA:240,7,1,0
BRDA:309,8,0,0
BRDA:309,8,1,0
BRDA:330,9,0,0
BRDA:330,9,1,0
BRDA:348,10,0,0
BRDA:348,10,1,0
BRDA:350,11,0,0
BRDA:350,11,1,0
BRDA:365,12,0,0
BRDA:365,12,1,0
BRDA:367,13,0,0
BRDA:367,13,1,0
BRDA:394,14,0,0
BRDA:394,14,1,0
BRDA:401,15,0,0
BRDA:401,15,1,0
BRF:33
BRH:0
end_of_record
TN:
SF:services/windService.ts
FN:65,(anonymous_0)
FN:193,(anonymous_1)
FN:209,(anonymous_2)
FN:220,(anonymous_3)
FN:228,(anonymous_4)
FN:235,(anonymous_5)
FN:258,(anonymous_6)
FN:277,(anonymous_7)
FN:283,(anonymous_8)
FN:286,(anonymous_9)
FN:291,(anonymous_10)
FN:297,(anonymous_11)
FN:339,(anonymous_12)
FN:346,(anonymous_13)
FN:363,(anonymous_14)
FN:369,(anonymous_15)
FN:390,(anonymous_16)
FN:417,(anonymous_17)
FN:427,(anonymous_18)
FN:464,(anonymous_19)
FN:489,(anonymous_20)
FN:537,(anonymous_21)
FN:550,(anonymous_22)
FN:563,(anonymous_23)
FN:575,(anonymous_24)
FN:602,(anonymous_25)
FN:630,(anonymous_26)
FN:712,(anonymous_27)
FN:799,(anonymous_28)
FN:818,(anonymous_29)
FN:843,(anonymous_30)
FN:849,(anonymous_31)
FN:852,(anonymous_32)
FN:857,(anonymous_33)
FN:863,(anonymous_34)
FNF:35
FNH:14
FNDA:0,(anonymous_0)
FNDA:0,(anonymous_1)
FNDA:0,(anonymous_2)
FNDA:0,(anonymous_3)
FNDA:0,(anonymous_4)
FNDA:0,(anonymous_5)
FNDA:0,(anonymous_6)
FNDA:0,(anonymous_7)
FNDA:0,(anonymous_8)
FNDA:0,(anonymous_9)
FNDA:0,(anonymous_10)
FNDA:0,(anonymous_11)
FNDA:13,(anonymous_12)
FNDA:53,(anonymous_13)
FNDA:13,(anonymous_14)
FNDA:53,(anonymous_15)
FNDA:13,(anonymous_16)
FNDA:13,(anonymous_17)
FNDA:13,(anonymous_18)
FNDA:0,(anonymous_19)
FNDA:0,(anonymous_20)
FNDA:0,(anonymous_21)
FNDA:0,(anonymous_22)
FNDA:0,(anonymous_23)
FNDA:0,(anonymous_24)
FNDA:0,(anonymous_25)
FNDA:0,(anonymous_26)
FNDA:0,(anonymous_27)
FNDA:14,(anonymous_28)
FNDA:55,(anonymous_29)
FNDA:53,(anonymous_30)
FNDA:53,(anonymous_31)
FNDA:53,(anonymous_32)
FNDA:53,(anonymous_33)
FNDA:53,(anonymous_34)
DA:6,1
DA:7,1
DA:49,1
DA:65,1
DA:66,0
DA:67,0
DA:71,0
DA:79,0
DA:82,0
DA:83,0
DA:84,0
DA:103,0
DA:105,0
DA:114,0
DA:116,0
DA:117,0
DA:123,0
DA:130,0
DA:131,0
DA:133,0
DA:134,0
DA:137,0
DA:140,0
DA:142,0
DA:149,0
DA:151,0
DA:154,0
DA:157,0
DA:158,0
DA:159,0
DA:160,0
DA:161,0
DA:162,0
DA:164,0
DA:168,0
DA:171,0
DA:174,0
DA:175,0
DA:176,0
DA:177,0
DA:181,0
DA:182,0
DA:183,0
DA:186,0
DA:193,1
DA:194,0
DA:196,0
DA:197,0
DA:198,0
DA:200,0
DA:201,0
DA:204,0
DA:205,0
DA:209,0
DA:210,0
DA:211,0
DA:212,0
DA:213,0
DA:217,0
DA:218,0
DA:220,0
DA:221,0
DA:222,0
DA:228,0
DA:235,1
DA:240,0
DA:241,0
DA:251,0
DA:252,0
DA:253,0
DA:254,0
DA:255,0
DA:258,0
DA:259,0
DA:261,0
DA:262,0
DA:265,0
DA:266,0
DA:276,0
DA:279,0
DA:283,0
DA:285,0
DA:286,0
DA:290,0
DA:292,0
DA:295,0
DA:297,0
DA:299,0
DA:302,0
DA:308,0
DA:309,0
DA:317,0
DA:322,0
DA:327,0
DA:339,1
DA:340,13
DA:343,13
DA:344,13
DA:346,13
DA:347,53
DA:348,53
DA:349,53
DA:352,13
DA:353,13
DA:354,13
DA:357,13
DA:363,1
DA:364,13
DA:366,13
DA:367,13
DA:369,13
DA:370,53
DA:371,53
DA:372,53
DA:376,13
DA:377,13
DA:380,13
DA:381,10
DA:384,13
DA:390,1
DA:396,13
DA:399,13
DA:400,13
DA:403,13
DA:406,13
DA:407,11
DA:411,2
DA:417,1
DA:418,13
DA:420,13
DA:421,13
DA:427,1
DA:431,13
DA:432,13
DA:434,13
DA:435,13
DA:437,13
DA:439,53
DA:442,53
DA:443,53
DA:445,53
DA:447,53
DA:448,48
DA:449,48
DA:450,48
DA:452,5
DA:453,5
DA:457,13
DA:458,13
DA:464,1
DA:465,0
DA:467,0
DA:468,0
DA:469,0
DA:472,0
DA:477,0
DA:478,0
DA:479,0
DA:481,0
DA:489,1
DA:490,0
DA:491,0
DA:494,0
DA:495,0
DA:496,0
DA:499,0
DA:500,0
DA:501,0
DA:502,0
DA:505,0
DA:506,0
DA:509,0
DA:510,0
DA:511,0
DA:514,0
DA:517,0
DA:518,0
DA:519,0
DA:522,0
DA:523,0
DA:525,0
DA:526,0
DA:529,0
DA:530,0
DA:537,1
DA:538,0
DA:539,0
DA:540,0
DA:541,0
DA:543,0
DA:545,0
DA:546,0
DA:550,1
DA:551,0
DA:552,0
DA:553,0
DA:554,0
DA:556,0
DA:563,1
DA:568,0
DA:569,0
DA:570,0
DA:571,0
DA:572,0
DA:575,0
DA:576,0
DA:578,0
DA:579,0
DA:582,0
DA:602,1
DA:603,0
DA:604,0
DA:607,0
DA:612,0
DA:613,0
DA:614,0
DA:617,0
DA:618,0
DA:619,0
DA:621,0
DA:622,0
DA:630,1
DA:631,0
DA:632,0
DA:635,0
DA:636,0
DA:655,0
DA:657,0
DA:666,0
DA:667,0
DA:673,0
DA:680,0
DA:681,0
DA:683,0
DA:684,0
DA:687,0
DA:690,0
DA:692,0
DA:699,0
DA:701,0
DA:703,0
DA:704,0
DA:712,1
DA:720,0
DA:722,0
DA:725,0
DA:726,0
DA:729,0
DA:732,0
DA:733,0
DA:735,0
DA:736,0
DA:746,0
DA:748,0
DA:749,0
DA:761,0
DA:764,0
DA:767,0
DA:769,0
DA:773,0
DA:783,0
DA:784,0
DA:799,1
DA:804,14
DA:805,1
DA:815,13
DA:816,13
DA:818,13
DA:819,55
DA:820,55
DA:824,13
DA:825,13
DA:827,0
DA:828,0
DA:830,0
DA:831,0
DA:842,13
DA:845,53
DA:849,53
DA:851,13
DA:852,53
DA:856,13
DA:858,53
DA:861,53
DA:863,53
DA:865,13
DA:868,13
DA:874,13
DA:875,13
DA:883,13
DA:884,13
DA:885,13
DA:886,13
DA:888,13
DA:889,13
DA:891,13
DA:897,13
LF:297
LH:100
BRDA:71,0,0,0
BRDA:71,0,1,0
BRDA:71,0,2,0
BRDA:71,0,3,0
BRDA:71,0,4,0
BRDA:71,0,5,0
BRDA:133,1,0,0
BRDA:133,1,1,0
BRDA:154,2,0,0
BRDA:154,2,1,0
BRDA:157,3,0,0
BRDA:157,3,1,0
BRDA:160,4,0,0
BRDA:160,4,1,0
BRDA:160,5,0,0
BRDA:160,5,1,0
BRDA:175,6,0,0
BRDA:175,6,1,0
BRDA:175,7,0,0
BRDA:175,7,1,0
BRDA:196,8,0,0
BRDA:196,8,1,0
BRDA:197,9,0,0
BRDA:197,9,1,0
BRDA:198,10,0,0
BRDA:198,10,1,0
BRDA:198,10,2,0
BRDA:200,11,0,0
BRDA:200,11,1,0
BRDA:200,12,0,0
BRDA:200,12,1,0
BRDA:204,13,0,0
BRDA:204,13,1,0
BRDA:204,14,0,0
BRDA:204,14,1,0
BRDA:211,15,0,0
BRDA:211,15,1,0
BRDA:225,16,0,0
BRDA:225,16,1,0
BRDA:226,17,0,0
BRDA:226,17,1,0
BRDA:237,18,0,0
BRDA:240,19,0,0
BRDA:240,19,1,0
BRDA:251,20,0,0
BRDA:251,20,1,0
BRDA:262,21,0,0
BRDA:262,21,1,0
BRDA:265,22,0,0
BRDA:265,22,1,0
BRDA:279,23,0,0
BRDA:279,23,1,0
BRDA:285,24,0,0
BRDA:285,24,1,0
BRDA:292,25,0,0
BRDA:292,25,1,0
BRDA:295,26,0,0
BRDA:295,26,1,0
BRDA:317,27,0,0
BRDA:317,27,1,0
BRDA:317,27,2,0
BRDA:317,27,3,0
BRDA:340,28,0,0
BRDA:340,28,1,13
BRDA:364,29,0,0
BRDA:364,29,1,13
BRDA:380,30,0,10
BRDA:380,30,1,3
BRDA:396,31,0,0
BRDA:396,31,1,13
BRDA:396,32,0,13
BRDA:396,32,1,13
BRDA:403,33,0,0
BRDA:403,33,1,13
BRDA:406,34,0,11
BRDA:406,34,1,2
BRDA:407,35,0,11
BRDA:407,35,1,3
BRDA:411,36,0,2
BRDA:411,36,1,2
BRDA:439,37,0,53
BRDA:439,37,1,0
BRDA:442,38,0,53
BRDA:442,38,1,53
BRDA:447,39,0,48
BRDA:447,39,1,5
BRDA:467,40,0,0
BRDA:467,40,1,0
BRDA:467,41,0,0
BRDA:467,41,1,0
BRDA:494,42,0,0
BRDA:494,42,1,0
BRDA:500,43,0,0
BRDA:500,43,1,0
BRDA:509,44,0,0
BRDA:509,44,1,0
BRDA:509,45,0,0
BRDA:509,45,1,0
BRDA:509,45,2,0
BRDA:509,45,3,0
BRDA:517,46,0,0
BRDA:517,46,1,0
BRDA:540,47,0,0
BRDA:540,47,1,0
BRDA:565,48,0,0
BRDA:568,49,0,0
BRDA:568,49,1,0
BRDA:579,50,0,0
BRDA:579,50,1,0
BRDA:612,51,0,0
BRDA:612,51,1,0
BRDA:683,52,0,0
BRDA:683,52,1,0
BRDA:704,53,0,0
BRDA:704,53,1,0
BRDA:735,54,0,0
BRDA:735,54,1,0
BRDA:748,55,0,0
BRDA:748,55,1,0
BRDA:748,56,0,0
BRDA:748,56,1,0
BRDA:769,57,0,0
BRDA:769,57,1,0
BRDA:790,58,0,0
BRDA:790,58,1,0
BRDA:801,59,0,0
BRDA:804,60,0,1
BRDA:804,60,1,13
BRDA:815,61,0,13
BRDA:815,61,1,13
BRDA:825,62,0,0
BRDA:825,62,1,13
BRDA:830,63,0,0
BRDA:830,63,1,0
BRDA:845,64,0,53
BRDA:845,64,1,0
BRDA:851,65,0,13
BRDA:851,65,1,0
BRDA:858,66,0,53
BRDA:858,66,1,0
BRDA:861,67,0,0
BRDA:861,67,1,53
BRDA:886,68,0,13
BRDA:886,68,1,12
BRDA:886,68,2,10
BRDA:886,68,3,6
BRDA:889,69,0,13
BRDA:889,69,1,0
BRF:148
BRH:33
end_of_record
TN:
SF:services/windThresholdService.ts
FN:15,(anonymous_0)
FN:30,(anonymous_1)
FN:34,(anonymous_2)
FN:45,(anonymous_3)
FN:47,(anonymous_4)
FN:50,(anonymous_5)
FN:51,(anonymous_6)
FNF:7
FNH:0
FNDA:0,(anonymous_0)
FNDA:0,(anonymous_1)
FNDA:0,(anonymous_2)
FNDA:0,(anonymous_3)
FNDA:0,(anonymous_4)
FNDA:0,(anonymous_5)
FNDA:0,(anonymous_6)
DA:3,0
DA:4,0
DA:11,0
DA:12,0
DA:13,0
DA:16,0
DA:18,0
DA:19,0
DA:20,0
DA:21,0
DA:24,0
DA:27,0
DA:31,0
DA:35,0
DA:37,0
DA:38,0
DA:39,0
DA:41,0
DA:46,0
DA:47,0
DA:51,0
DA:52,0
DA:53,0
DA:55,0
DA:61,0
LF:25
LH:0
BRDA:16,0,0,0
BRDA:16,0,1,0
BRDA:20,1,0,0
BRDA:20,1,1,0
BRF:4
BRH:0
end_of_record
TN:
SF:utils/testWindData.ts
FN:12,generateGoodMorningData
FN:62,generateWeakMorningData
FN:112,generateInconsistentDirectionData
FN:170,generateWrongDirectionData
FN:220,generateFewGoodPointsData
FNF:5
FNH:0
FNDA:0,generateGoodMorningData
FNDA:0,generateWeakMorningData
FNDA:0,generateInconsistentDirectionData
FNDA:0,generateWrongDirectionData
FNDA:0,generateFewGoodPointsData
DA:13,0
DA:14,0
DA:17,0
DA:20,0
DA:21,0
DA:22,0
DA:28,0
DA:29,0
DA:30,0
DA:33,0
DA:34,0
DA:35,0
DA:39,0
DA:40,0
DA:44,0
DA:46,0
DA:56,0
DA:63,0
DA:64,0
DA:67,0
DA:70,0
DA:71,0
DA:72,0
DA:78,0
DA:79,0
DA:80,0
DA:83,0
DA:84,0
DA:85,0
DA:89,0
DA:90,0
DA:94,0
DA:96,0
DA:106,0
DA:113,0
DA:114,0
DA:117,0
DA:120,0
DA:121,0
DA:122,0
DA:128,0
DA:129,0
DA:132,0
DA:133,0
DA:134,0
DA:135,0
DA:137,0
DA:141,0
DA:142,0
DA:143,0
DA:147,0
DA:148,0
DA:152,0
DA:154,0
DA:164,0
DA:171,0
DA:172,0
DA:175,0
DA:178,0
DA:179,0
DA:180,0
DA:186,0
DA:187,0
DA:188,0
DA:191,0
DA:192,0
DA:193,0
DA:197,0
DA:198,0
DA:202,0
DA:204,0
DA:214,0
DA:221,0
DA:222,0
DA:225,0
DA:228,0
DA:229,0
DA:230,0
DA:231,0
DA:237,0
DA:238,0
DA:242,0
DA:243,0
DA:246,0
DA:247,0
DA:251,0
DA:252,0
DA:255,0
DA:256,0
DA:258,0
DA:259,0
DA:264,0
DA:265,0
DA:269,0
DA:271,0
DA:282,0
LF:96
LH:0
BRDA:28,0,0,0
BRDA:28,0,1,0
BRDA:28,1,0,0
BRDA:28,1,1,0
BRDA:33,2,0,0
BRDA:33,2,1,0
BRDA:33,3,0,0
BRDA:33,3,1,0
BRDA:78,4,0,0
BRDA:78,4,1,0
BRDA:78,5,0,0
BRDA:78,5,1,0
BRDA:83,6,0,0
BRDA:83,6,1,0
BRDA:83,7,0,0
BRDA:83,7,1,0
BRDA:128,8,0,0
BRDA:128,8,1,0
BRDA:128,9,0,0
BRDA:128,9,1,0
BRDA:132,10,0,0
BRDA:132,10,1,0
BRDA:134,11,0,0
BRDA:134,11,1,0
BRDA:141,12,0,0
BRDA:141,12,1,0
BRDA:141,13,0,0
BRDA:141,13,1,0
BRDA:186,14,0,0
BRDA:186,14,1,0
BRDA:186,15,0,0
BRDA:186,15,1,0
BRDA:191,16,0,0
BRDA:191,16,1,0
BRDA:191,17,0,0
BRDA:191,17,1,0
BRDA:237,18,0,0
BRDA:237,18,1,0
BRDA:237,19,0,0
BRDA:237,19,1,0
BRDA:238,20,0,0
BRDA:238,20,1,0
BRDA:238,21,0,0
BRDA:238,21,1,0
BRDA:238,21,2,0
BRDA:238,21,3,0
BRDA:238,21,4,0
BRDA:238,21,5,0
BRDA:251,22,0,0
BRDA:251,22,1,0
BRDA:251,23,0,0
BRDA:251,23,1,0
BRDA:252,24,0,0
BRDA:252,24,1,0
BRDA:252,25,0,0
BRDA:252,25,1,0
BRDA:252,25,2,0
BRDA:252,25,3,0
BRDA:252,25,4,0
BRDA:252,25,5,0
BRF:60
BRH:0
end_of_record
TN:
SF:utils/timeWindowUtils.ts
FN:21,getWindChartTimeWindow
FN:68,filterWindDataByTimeWindow
FN:84,(anonymous_2)
FNF:3
FNH:0
FNDA:0,getWindChartTimeWindow
FNDA:0,filterWindDataByTimeWindow
FNDA:0,(anonymous_2)
DA:22,0
DA:23,0
DA:25,0
DA:31,0
DA:32,0
DA:37,0
DA:38,0
DA:42,0
DA:43,0
DA:47,0
DA:48,0
DA:52,0
DA:56,0
DA:57,0
DA:72,0
DA:74,0
DA:76,0
DA:84,0
DA:85,0
DA:86,0
DA:88,0
DA:91,0
DA:92,0
DA:95,0
DA:96,0
DA:98,0
DA:101,0
DA:104,0
DA:105,0
DA:107,0
DA:111,0
DA:119,0
LF:32
LH:0
BRDA:31,0,0,0
BRDA:31,0,1,0
BRDA:31,1,0,0
BRDA:31,1,1,0
BRDA:42,2,0,0
BRDA:42,2,1,0
BRDA:42,3,0,0
BRDA:42,3,1,0
BRDA:72,4,0,0
BRDA:72,4,1,0
BRDA:72,5,0,0
BRDA:72,5,1,0
BRDA:80,6,0,0
BRDA:80,6,1,0
BRDA:81,7,0,0
BRDA:81,7,1,0
BRDA:88,8,0,0
BRDA:88,8,1,0
BRDA:96,9,0,0
BRDA:96,9,1,0
BRDA:98,10,0,0
BRDA:98,10,1,0
BRDA:107,11,0,0
BRDA:107,11,1,0
BRDA:107,11,2,0
BRDA:113,12,0,0
BRDA:113,12,1,0
BRF:27
BRH:0
end_of_record
TN:
SF:utils/windDirectionUtils.ts
FN:5,assessWindDirection
FN:31,isAngleInRange
FN:41,getWindDirectionIndicator
FN:52,getWindDirectionStatusText
FNF:4
FNH:0
FNDA:0,assessWindDirection
FNDA:0,isAngleInRange
FNDA:0,getWindDirectionIndicator
FNDA:0,getWindDirectionStatusText
DA:9,0
DA:11,0
DA:14,0
DA:15,0
DA:17,0
DA:18,0
DA:22,0
DA:23,0
DA:27,0
DA:32,0
DA:34,0
DA:37,0
DA:42,0
DA:44,0
DA:46,0
DA:48,0
DA:53,0
DA:55,0
DA:57,0
DA:59,0
LF:20
LH:0
BRDA:9,0,0,0
BRDA:9,0,1,0
BRDA:11,1,0,0
BRDA:17,2,0,0
BRDA:17,2,1,0
BRDA:22,3,0,0
BRDA:22,3,1,0
BRDA:32,4,0,0
BRDA:32,4,1,0
BRDA:34,5,0,0
BRDA:34,5,1,0
BRDA:37,6,0,0
BRDA:37,6,1,0
BRDA:42,7,0,0
BRDA:42,7,1,0
BRDA:42,7,2,0
BRDA:53,8,0,0
BRDA:53,8,1,0
BRDA:53,8,2,0
BRF:19
BRH:0
end_of_record
TN:
SF:utils/windStationUtils.ts
FN:5,(anonymous_0)
FN:33,(anonymous_1)
FN:52,(anonymous_2)
FN:71,(anonymous_3)
FN:79,(anonymous_4)
FN:106,(anonymous_5)
FN:139,(anonymous_6)
FN:148,(anonymous_7)
FN:165,(anonymous_8)
FN:187,(anonymous_9)
FNF:10
FNH:0
FNDA:0,(anonymous_0)
FNDA:0,(anonymous_1)
FNDA:0,(anonymous_2)
FNDA:0,(anonymous_3)
FNDA:0,(anonymous_4)
FNDA:0,(anonymous_5)
FNDA:0,(anonymous_6)
FNDA:0,(anonymous_7)
FNDA:0,(anonymous_8)
FNDA:0,(anonymous_9)
DA:5,0
DA:11,0
DA:12,0
DA:20,0
DA:21,0
DA:22,0
DA:23,0
DA:30,0
DA:33,0
DA:39,0
DA:40,0
DA:41,0
DA:42,0
DA:47,0
DA:48,0
DA:49,0
DA:52,0
DA:58,0
DA:59,0
DA:60,0
DA:61,0
DA:66,0
DA:67,0
DA:68,0
DA:71,0
DA:72,0
DA:74,0
DA:75,0
DA:76,0
DA:79,0
DA:85,0
DA:86,0
DA:87,0
DA:89,0
DA:90,0
DA:95,0
DA:97,0
DA:98,0
DA:99,0
DA:100,0
DA:103,0
DA:106,0
DA:112,0
DA:113,0
DA:114,0
DA:116,0
DA:117,0
DA:118,0
DA:122,0
DA:124,0
DA:125,0
DA:126,0
DA:127,0
DA:129,0
DA:130,0
DA:132,0
DA:133,0
DA:139,0
DA:140,0
DA:141,0
DA:142,0
DA:148,0
DA:149,0
DA:150,0
DA:151,0
DA:153,0
DA:155,0
DA:158,0
DA:165,0
DA:166,0
DA:167,0
DA:169,0
DA:170,0
DA:171,0
DA:173,0
DA:187,0
DA:191,0
DA:192,0
DA:195,0
DA:198,0
DA:199,0
DA:200,0
DA:208,0
DA:209,0
DA:217,0
DA:218,0
DA:219,0
DA:221,0
LF:88
LH:0
BRDA:11,0,0,0
BRDA:11,0,1,0
BRDA:11,1,0,0
BRDA:11,1,1,0
BRDA:20,2,0,0
BRDA:20,2,1,0
BRDA:39,3,0,0
BRDA:39,3,1,0
BRDA:39,4,0,0
BRDA:39,4,1,0
BRDA:41,5,0,0
BRDA:41,5,1,0
BRDA:47,6,0,0
BRDA:47,6,1,0
BRDA:58,7,0,0
BRDA:58,7,1,0
BRDA:58,8,0,0
BRDA:58,8,1,0
BRDA:60,9,0,0
BRDA:60,9,1,0
BRDA:66,10,0,0
BRDA:66,10,1,0
BRDA:72,11,0,0
BRDA:72,11,1,0
BRDA:85,12,0,0
BRDA:85,12,1,0
BRDA:85,13,0,0
BRDA:85,13,1,0
BRDA:89,14,0,0
BRDA:89,14,1,0
BRDA:95,15,0,0
BRDA:95,15,1,0
BRDA:112,16,0,0
BRDA:112,16,1,0
BRDA:112,17,0,0
BRDA:112,17,1,0
BRDA:116,18,0,0
BRDA:116,18,1,0
BRDA:117,19,0,0
BRDA:117,19,1,0
BRDA:117,20,0,0
BRDA:117,20,1,0
BRDA:118,21,0,0
BRDA:118,21,1,0
BRDA:122,22,0,0
BRDA:122,22,1,0
BRDA:129,23,0,0
BRDA:129,23,1,0
BRDA:130,24,0,0
BRDA:130,24,1,0
BRDA:153,25,0,0
BRDA:153,25,1,0
BRDA:155,26,0,0
BRDA:155,26,1,0
BRDA:158,27,0,0
BRDA:158,27,1,0
BRDA:170,28,0,0
BRDA:170,28,1,0
BRDA:191,29,0,0
BRDA:191,29,1,0
BRDA:191,30,0,0
BRDA:191,30,1,0
BRDA:195,31,0,0
BRDA:199,32,0,0
BRDA:199,32,1,0
BRDA:208,33,0,0
BRDA:208,33,1,0
BRF:67
BRH:0
end_of_record
